-- Detected version of GNU GCC: 49 (409)
-- Found ZLIB: /usr/lib/x86_64-linux-gnu/libz.so (found suitable version "1.2.8", minimum required is "1.2.3") 
-- Found ZLIB: /usr/lib/x86_64-linux-gnu/libz.so (found version "1.2.8") 
-- Found OpenEXR: /usr/lib/x86_64-linux-gnu/libIlmImf.so
-- checking for module 'gtk+-3.0'
--   package 'gtk+-3.0' not found
-- Looking for linux/videodev.h
-- Looking for linux/videodev.h - not found
-- Looking for linux/videodev2.h
-- Looking for linux/videodev2.h - found
-- Looking for sys/videoio.h
-- Looking for sys/videoio.h - not found
-- Looking for libavformat/avformat.h
-- Looking for libavformat/avformat.h - found
-- Looking for ffmpeg/avformat.h
-- Looking for ffmpeg/avformat.h - not found
-- checking for module 'libgphoto2'
--   package 'libgphoto2' not found
-- CUDA detected: 7.0
-- CUDA NVCC target flags: -gencode;arch=compute_52,code=sm_52;-gencode;arch=compute_52,code=compute_52
-- To enable PlantUML support, set PLANTUML_JAR environment variable or pass -DPLANTUML_JAR=<filepath> option to cmake
-- Found PythonInterp: /home/daniel/anaconda/bin/python2.7 (found suitable version "2.7.10", minimum required is "2.7") 
-- Could NOT find PythonLibs: Found unsuitable version "2.7.9", but required is exact version "2.7.10" (found /usr/lib/x86_64-linux-gnu/libpython2.7.so)
-- Found PythonInterp: /usr/bin/python3.4 (found suitable version "3.4.3", minimum required is "3.4") 
-- Could NOT find PythonLibs: Found unsuitable version "2.7.9", but required is exact version "3.4.3" (found /usr/lib/x86_64-linux-gnu/libpython2.7.so)
-- Found apache ant 1.9.4: /usr/bin/ant
-- Could NOT find Matlab (missing:  MATLAB_MEX_SCRIPT MATLAB_INCLUDE_DIRS MATLAB_ROOT_DIR MATLAB_LIBRARIES MATLAB_LIBRARY_DIRS MATLAB_MEXEXT MATLAB_ARCH MATLAB_BIN) 
-- The imported target "vtkQtChart" references the file
   "/usr/lib/libvtkQtChart.so.5.8.0"
but this file does not exist.  Possible reasons include:
* The file was deleted, renamed, or moved to another location.
* An install or uninstall procedure did not complete successfully.
* The installation package was faulty and contained
   "/usr/lib/vtk-5.8/VTKTargets.cmake"
but not all the files it references.

-- The imported target "QVTK" references the file
   "/usr/lib/libQVTK.so.5.8.0"
but this file does not exist.  Possible reasons include:
* The file was deleted, renamed, or moved to another location.
* An install or uninstall procedure did not complete successfully.
* The installation package was faulty and contained
   "/usr/lib/vtk-5.8/VTKTargets.cmake"
but not all the files it references.

-- Found VTK ver. 5.8.0 (usefile: /usr/lib/vtk-5.8/UseVTK.cmake)
-- 
-- General configuration for OpenCV 3.0.0-dev =====================================
--   Version control:               3.0.0-372-gaf9c558
-- 
--   Platform:
--     Host:                        Linux 3.19.0-25-generic x86_64
--     CMake:                       3.0.2
--     CMake generator:             Unix Makefiles
--     CMake build tool:            /usr/bin/make
--     Configuration:               Release
-- 
--   C/C++:
--     Built as dynamic libs?:      YES
--     C++ Compiler:                /usr/bin/c++  (ver 4.9.2)
--     C++ flags (Release):         -fsigned-char -W -Wall -Werror=return-type -Werror=non-virtual-dtor -Werror=address -Werror=sequence-point -Wformat -Werror=format-security -Wmissing-declarations -Wundef -Winit-self -Wpointer-arith -Wshadow -Wsign-promo -Wno-narrowing -Wno-delete-non-virtual-dtor -fdiagnostics-show-option -Wno-long-long -pthread -fomit-frame-pointer -msse -msse2 -mavx -mavx2 -mfma -ffunction-sections -fvisibility=hidden -fvisibility-inlines-hidden -fopenmp -O3 -DNDEBUG  -DNDEBUG
--     C++ flags (Debug):           -fsigned-char -W -Wall -Werror=return-type -Werror=non-virtual-dtor -Werror=address -Werror=sequence-point -Wformat -Werror=format-security -Wmissing-declarations -Wundef -Winit-self -Wpointer-arith -Wshadow -Wsign-promo -Wno-narrowing -Wno-delete-non-virtual-dtor -fdiagnostics-show-option -Wno-long-long -pthread -fomit-frame-pointer -msse -msse2 -mavx -mavx2 -mfma -ffunction-sections -fvisibility=hidden -fvisibility-inlines-hidden -fopenmp -g  -O0 -DDEBUG -D_DEBUG
--     C Compiler:                  /usr/bin/cc
--     C flags (Release):           -I/usr/lib/x86_64-linux-gnu/    -fsigned-char -W -Wall -Werror=return-type -Werror=non-virtual-dtor -Werror=address -Werror=sequence-point -Wformat -Werror=format-security -Wmissing-declarations -Wmissing-prototypes -Wstrict-prototypes -Wundef -Winit-self -Wpointer-arith -Wshadow -Wno-narrowing -fdiagnostics-show-option -Wno-long-long -pthread -fomit-frame-pointer -msse -msse2 -mavx -mavx2 -mfma -ffunction-sections -fvisibility=hidden -fopenmp -O3 -DNDEBUG  -DNDEBUG
--     C flags (Debug):             -I/usr/lib/x86_64-linux-gnu/    -fsigned-char -W -Wall -Werror=return-type -Werror=non-virtual-dtor -Werror=address -Werror=sequence-point -Wformat -Werror=format-security -Wmissing-declarations -Wmissing-prototypes -Wstrict-prototypes -Wundef -Winit-self -Wpointer-arith -Wshadow -Wno-narrowing -fdiagnostics-show-option -Wno-long-long -pthread -fomit-frame-pointer -msse -msse2 -mavx -mavx2 -mfma -ffunction-sections -fvisibility=hidden -fopenmp -g  -O0 -DDEBUG -D_DEBUG
--     Linker flags (Release):      -L/usr/lib/x86_64-linux-gnu/
--     Linker flags (Debug):        -L/usr/lib/x86_64-linux-gnu/
--     Precompiled headers:         YES
--     Extra dependencies:          /usr/lib/x86_64-linux-gnu/libwebp.so /usr/lib/x86_64-linux-gnu/libpng.so /usr/lib/x86_64-linux-gnu/libz.so /usr/lib/x86_64-linux-gnu/libtiff.so /usr/lib/x86_64-linux-gnu/libjasper.so /usr/lib/x86_64-linux-gnu/libjpeg.so /usr/lib/x86_64-linux-gnu/libImath.so /usr/lib/x86_64-linux-gnu/libIlmImf.so /usr/lib/x86_64-linux-gnu/libIex.so /usr/lib/x86_64-linux-gnu/libHalf.so /usr/lib/x86_64-linux-gnu/libIlmThread.so gthread-2.0 gtkglext-x11-1.0 gdkglext-x11-1.0 GLU GL Xmu Xt SM ICE pangox-1.0 X11 gmodule-2.0 gtk-x11-2.0 gdk-x11-2.0 pangocairo-1.0 atk-1.0 cairo gdk_pixbuf-2.0 gio-2.0 pangoft2-1.0 pango-1.0 fontconfig freetype gstvideo-1.0 gstapp-1.0 gstbase-1.0 gstriff-1.0 gstpbutils-1.0 gstreamer-1.0 gobject-2.0 glib-2.0 dc1394 v4l1 v4l2 avcodec avformat avutil swscale avresample /usr/lib/libOpenNI2.so /usr/lib/x86_64-linux-gnu/libbz2.so vtkCharts vtkCommon vtkFiltering vtkGenericFiltering vtkGeovis vtkGraphics vtkHybrid vtkIO vtkImaging vtkInfovis vtkParallel vtkRendering vtkViews vtkVolumeRendering vtkWidgets dl m pthread rt /usr/lib/x86_64-linux-gnu/libGLU.so /usr/lib/x86_64-linux-gnu/libGL.so /usr/lib/x86_64-linux-gnu/libSM.so /usr/lib/x86_64-linux-gnu/libICE.so /usr/lib/x86_64-linux-gnu/libX11.so /usr/lib/x86_64-linux-gnu/libXext.so tbb cudart nppc nppi npps cublas cufft
--     3rdparty dependencies:
-- 
--   OpenCV modules:
--     To be built:                 hal cudev core cudaarithm flann imgproc ml video viz cudabgsegm cudafilters cudaimgproc cudawarping imgcodecs photo shape videoio cudacodec cudaoptflow highgui objdetect superres ts cudaobjdetect features2d calib3d cudafeatures2d cudastereo java stitching videostab
--     Disabled:                    cudalegacy world
--     Disabled by dependency:      -
--     Unavailable:                 python2 python3
-- 
--   GUI: 
--     QT:                          NO
--     GTK+ 2.x:                    YES (ver 2.24.27)
--     GThread :                    YES (ver 2.44.1)
--     GtkGlExt:                    YES (ver 1.2.0)
--     OpenGL support:              YES (/usr/lib/x86_64-linux-gnu/libGLU.so /usr/lib/x86_64-linux-gnu/libGL.so /usr/lib/x86_64-linux-gnu/libSM.so /usr/lib/x86_64-linux-gnu/libICE.so /usr/lib/x86_64-linux-gnu/libX11.so /usr/lib/x86_64-linux-gnu/libXext.so)
--     VTK support:                 YES (ver 5.8.0)
-- 
--   Media I/O: 
--     ZLib:                        /usr/lib/x86_64-linux-gnu/libz.so (ver 1.2.8)
--     JPEG:                        /usr/lib/x86_64-linux-gnu/libjpeg.so (ver )
--     WEBP:                        /usr/lib/x86_64-linux-gnu/libwebp.so (ver encoder: 0x0202)
--     PNG:                         /usr/lib/x86_64-linux-gnu/libpng.so (ver 1.2.51)
--     TIFF:                        /usr/lib/x86_64-linux-gnu/libtiff.so (ver 42 - 4.0.3)
--     JPEG 2000:                   /usr/lib/x86_64-linux-gnu/libjasper.so (ver 1.900.1)
--     OpenEXR:                     /usr/lib/x86_64-linux-gnu/libImath.so /usr/lib/x86_64-linux-gnu/libIlmImf.so /usr/lib/x86_64-linux-gnu/libIex.so /usr/lib/x86_64-linux-gnu/libHalf.so /usr/lib/x86_64-linux-gnu/libIlmThread.so (ver 1.6.1)
--     GDAL:                        NO
-- 
--   Video I/O:
--     DC1394 1.x:                  NO
--     DC1394 2.x:                  YES (ver 2.2.3)
--     FFMPEG:                      YES
--       codec:                     YES (ver 56.1.0)
--       format:                    YES (ver 56.1.0)
--       util:                      YES (ver 54.3.0)
--       swscale:                   YES (ver 3.0.0)
--       resample:                  YES (ver 2.1.0)
--       gentoo-style:              YES
--     GStreamer:                   
--       base:                      YES (ver 1.4.5)
--       video:                     YES (ver 1.4.5)
--       app:                       YES (ver 1.4.5)
--       riff:                      YES (ver 1.4.5)
--       pbutils:                   YES (ver 1.4.5)
--     OpenNI:                      NO
--     OpenNI PrimeSensor Modules:  NO
--     OpenNI2:                     YES (ver 2.2.0, build 33)
--     PvAPI:                       NO
--     GigEVisionSDK:               NO
--     UniCap:                      NO
--     UniCap ucil:                 NO
--     V4L/V4L2:                    Using libv4l1 (ver 1.6.0) / libv4l2 (ver 1.6.0)
--     XIMEA:                       NO
--     Xine:                        NO
--     gPhoto2:                     NO
-- 
--   Parallel framework:            TBB (ver 4.3 interface 8004)
-- 
--   Other third-party libraries:
--     Use IPP:                     NO
--     Use IPP Async:               NO
--     Use Intel VA-API:            NO
--     Use Eigen:                   YES (ver 3.2.2)
--     Use Cuda:                    YES (ver 7.0)
--     Use OpenCL:                  NO
-- 
--   NVIDIA CUDA
--     Use CUFFT:                   YES
--     Use CUBLAS:                  YES
--     USE NVCUVID:                 NO
--     NVIDIA GPU arch:             52
--     NVIDIA PTX archs:            52
--     Use fast math:               NO
-- 
--   Python 2:
--     Interpreter:                 /home/daniel/anaconda/bin/python2.7 (ver 2.7.10)
-- 
--   Python 3:
--     Interpreter:                 /usr/bin/python3.4 (ver 3.4.3)
-- 
--   Python (for build):            /home/daniel/anaconda/bin/python2.7
-- 
--   Java:
--     ant:                         /usr/bin/ant (ver 1.9.4)
--     JNI:                         /usr/lib/jvm/default-java/include /usr/lib/jvm/default-java/include /usr/lib/jvm/default-java/include
--     Java wrappers:               YES
--     Java tests:                  YES
-- 
--   Matlab:
--     mex:                         NO
-- 
--   Documentation:
--     Doxygen:                     /usr/bin/doxygen (ver 1.8.9.1)
--     PlantUML:                    NO
-- 
--   Tests and samples:
--     Tests:                       YES
--     Performance tests:           YES
--     C/C++ Examples:              YES
-- 
--   Install path:                  /usr/local
-- 
--   cvconfig.h is in:              /home/daniel/projects/opencv/build
-- -----------------------------------------------------------------
-- 
-- Configuring done
-- Generating done
-- Build files have been written to: /home/daniel/projects/opencv/build
