The system is: Linux - 3.19.0-25-generic - x86_64
Compiling the CXX compiler identification source file "CMakeCXXCompilerId.cpp" succeeded.
Compiler: /usr/bin/c++ 
Build flags: 
Id flags: 

The output was:
0


Compilation of the CXX compiler identification source "CMakeCXXCompilerId.cpp" produced "a.out"

The CXX compiler identification is GNU, found in "/home/daniel/projects/opencv/build/CMakeFiles/3.0.2/CompilerIdCXX/a.out"

Compiling the C compiler identification source file "CMakeCCompilerId.c" succeeded.
Compiler: /usr/bin/cc 
Build flags: ;-I/usr/lib/x86_64-linux-gnu/
Id flags: 

The output was:
0


Compilation of the C compiler identification source "CMakeCCompilerId.c" produced "a.out"

The C compiler identification is GNU, found in "/home/daniel/projects/opencv/build/CMakeFiles/3.0.2/CompilerIdC/a.out"

Determining if the CXX compiler works passed with the following output:
Change Dir: /home/daniel/projects/opencv/build/CMakeFiles/CMakeTmp

Run Build Command:"/usr/bin/make" "cmTryCompileExec587871693/fast"
/usr/bin/make -f CMakeFiles/cmTryCompileExec587871693.dir/build.make CMakeFiles/cmTryCompileExec587871693.dir/build
make[1]: Entering directory '/home/daniel/projects/opencv/build/CMakeFiles/CMakeTmp'
/usr/bin/cmake -E cmake_progress_report /home/daniel/projects/opencv/build/CMakeFiles/CMakeTmp/CMakeFiles 1
Building CXX object CMakeFiles/cmTryCompileExec587871693.dir/testCXXCompiler.cxx.o
/usr/bin/c++     -o CMakeFiles/cmTryCompileExec587871693.dir/testCXXCompiler.cxx.o -c /home/daniel/projects/opencv/build/CMakeFiles/CMakeTmp/testCXXCompiler.cxx
Linking CXX executable cmTryCompileExec587871693
/usr/bin/cmake -E cmake_link_script CMakeFiles/cmTryCompileExec587871693.dir/link.txt --verbose=1
/usr/bin/c++        -L/usr/lib/x86_64-linux-gnu/ CMakeFiles/cmTryCompileExec587871693.dir/testCXXCompiler.cxx.o  -o cmTryCompileExec587871693 -rdynamic 
make[1]: Leaving directory '/home/daniel/projects/opencv/build/CMakeFiles/CMakeTmp'


Detecting CXX compiler ABI info compiled with the following output:
Change Dir: /home/daniel/projects/opencv/build/CMakeFiles/CMakeTmp

Run Build Command:"/usr/bin/make" "cmTryCompileExec1389315283/fast"
/usr/bin/make -f CMakeFiles/cmTryCompileExec1389315283.dir/build.make CMakeFiles/cmTryCompileExec1389315283.dir/build
make[1]: Entering directory '/home/daniel/projects/opencv/build/CMakeFiles/CMakeTmp'
/usr/bin/cmake -E cmake_progress_report /home/daniel/projects/opencv/build/CMakeFiles/CMakeTmp/CMakeFiles 1
Building CXX object CMakeFiles/cmTryCompileExec1389315283.dir/CMakeCXXCompilerABI.cpp.o
/usr/bin/c++     -o CMakeFiles/cmTryCompileExec1389315283.dir/CMakeCXXCompilerABI.cpp.o -c /usr/share/cmake-3.0/Modules/CMakeCXXCompilerABI.cpp
Linking CXX executable cmTryCompileExec1389315283
/usr/bin/cmake -E cmake_link_script CMakeFiles/cmTryCompileExec1389315283.dir/link.txt --verbose=1
/usr/bin/c++      -v CMakeFiles/cmTryCompileExec1389315283.dir/CMakeCXXCompilerABI.cpp.o  -o cmTryCompileExec1389315283 -rdynamic  
Reading specs from /usr/lib/gcc/x86_64-linux-gnu/4.9/specs
COLLECT_GCC=/usr/bin/c++
COLLECT_LTO_WRAPPER=/usr/lib/gcc/x86_64-linux-gnu/4.9/lto-wrapper
Target: x86_64-linux-gnu
Configured with: ../src/configure -v --with-pkgversion='Ubuntu 4.9.2-10ubuntu13' --with-bugurl=file:///usr/share/doc/gcc-4.9/README.Bugs --enable-languages=c,c++,java,go,d,fortran,objc,obj-c++ --prefix=/usr --program-suffix=-4.9 --enable-shared --enable-linker-build-id --libexecdir=/usr/lib --without-included-gettext --enable-threads=posix --with-gxx-include-dir=/usr/include/c++/4.9 --libdir=/usr/lib --enable-nls --with-sysroot=/ --enable-clocale=gnu --enable-libstdcxx-debug --enable-libstdcxx-time=yes --enable-gnu-unique-object --disable-vtable-verify --enable-plugin --with-system-zlib --disable-browser-plugin --enable-java-awt=gtk --enable-gtk-cairo --with-java-home=/usr/lib/jvm/java-1.5.0-gcj-4.9-amd64/jre --enable-java-home --with-jvm-root-dir=/usr/lib/jvm/java-1.5.0-gcj-4.9-amd64 --with-jvm-jar-dir=/usr/lib/jvm-exports/java-1.5.0-gcj-4.9-amd64 --with-arch-directory=amd64 --with-ecj-jar=/usr/share/java/eclipse-ecj.jar --enable-objc-gc --enable-multiarch --disable-werror --with-arch-32=i686 --with-abi=m64 --with-multilib-list=m32,m64,mx32 --enable-multilib --with-tune=generic --enable-checking=release --build=x86_64-linux-gnu --host=x86_64-linux-gnu --target=x86_64-linux-gnu
Thread model: posix
gcc version 4.9.2 (Ubuntu 4.9.2-10ubuntu13) 
COMPILER_PATH=/usr/lib/gcc/x86_64-linux-gnu/4.9/:/usr/lib/gcc/x86_64-linux-gnu/4.9/:/usr/lib/gcc/x86_64-linux-gnu/:/usr/lib/gcc/x86_64-linux-gnu/4.9/:/usr/lib/gcc/x86_64-linux-gnu/
LIBRARY_PATH=/usr/lib/gcc/x86_64-linux-gnu/4.9/:/usr/lib/gcc/x86_64-linux-gnu/4.9/../../../x86_64-linux-gnu/:/usr/lib/gcc/x86_64-linux-gnu/4.9/../../../../lib/:/lib/x86_64-linux-gnu/:/lib/../lib/:/usr/lib/x86_64-linux-gnu/:/usr/lib/../lib/:/usr/lib/gcc/x86_64-linux-gnu/4.9/../../../:/lib/:/usr/lib/
COLLECT_GCC_OPTIONS='-v' '-o' 'cmTryCompileExec1389315283' '-rdynamic' '-shared-libgcc' '-mtune=generic' '-march=x86-64'
 /usr/lib/gcc/x86_64-linux-gnu/4.9/collect2 -plugin /usr/lib/gcc/x86_64-linux-gnu/4.9/liblto_plugin.so -plugin-opt=/usr/lib/gcc/x86_64-linux-gnu/4.9/lto-wrapper -plugin-opt=-fresolution=/tmp/cc8BVueX.res -plugin-opt=-pass-through=-lgcc_s -plugin-opt=-pass-through=-lgcc -plugin-opt=-pass-through=-lc -plugin-opt=-pass-through=-lgcc_s -plugin-opt=-pass-through=-lgcc --sysroot=/ --build-id --eh-frame-hdr -m elf_x86_64 --hash-style=gnu --as-needed -export-dynamic -dynamic-linker /lib64/ld-linux-x86-64.so.2 -z relro -o cmTryCompileExec1389315283 /usr/lib/gcc/x86_64-linux-gnu/4.9/../../../x86_64-linux-gnu/crt1.o /usr/lib/gcc/x86_64-linux-gnu/4.9/../../../x86_64-linux-gnu/crti.o /usr/lib/gcc/x86_64-linux-gnu/4.9/crtbegin.o -L/usr/lib/gcc/x86_64-linux-gnu/4.9 -L/usr/lib/gcc/x86_64-linux-gnu/4.9/../../../x86_64-linux-gnu -L/usr/lib/gcc/x86_64-linux-gnu/4.9/../../../../lib -L/lib/x86_64-linux-gnu -L/lib/../lib -L/usr/lib/x86_64-linux-gnu -L/usr/lib/../lib -L/usr/lib/gcc/x86_64-linux-gnu/4.9/../../.. CMakeFiles/cmTryCompileExec1389315283.dir/CMakeCXXCompilerABI.cpp.o -lstdc++ -lm -lgcc_s -lgcc -lc -lgcc_s -lgcc /usr/lib/gcc/x86_64-linux-gnu/4.9/crtend.o /usr/lib/gcc/x86_64-linux-gnu/4.9/../../../x86_64-linux-gnu/crtn.o
make[1]: Leaving directory '/home/daniel/projects/opencv/build/CMakeFiles/CMakeTmp'


Parsed CXX implicit link information from above output:
  link line regex: [^( *|.*[/\])(ld|([^/\]+-)?ld|collect2)[^/\]*( |$)]
  ignore line: [Change Dir: /home/daniel/projects/opencv/build/CMakeFiles/CMakeTmp]
  ignore line: []
  ignore line: [Run Build Command:"/usr/bin/make" "cmTryCompileExec1389315283/fast"]
  ignore line: [/usr/bin/make -f CMakeFiles/cmTryCompileExec1389315283.dir/build.make CMakeFiles/cmTryCompileExec1389315283.dir/build]
  ignore line: [make[1]: Entering directory '/home/daniel/projects/opencv/build/CMakeFiles/CMakeTmp']
  ignore line: [/usr/bin/cmake -E cmake_progress_report /home/daniel/projects/opencv/build/CMakeFiles/CMakeTmp/CMakeFiles 1]
  ignore line: [Building CXX object CMakeFiles/cmTryCompileExec1389315283.dir/CMakeCXXCompilerABI.cpp.o]
  ignore line: [/usr/bin/c++     -o CMakeFiles/cmTryCompileExec1389315283.dir/CMakeCXXCompilerABI.cpp.o -c /usr/share/cmake-3.0/Modules/CMakeCXXCompilerABI.cpp]
  ignore line: [Linking CXX executable cmTryCompileExec1389315283]
  ignore line: [/usr/bin/cmake -E cmake_link_script CMakeFiles/cmTryCompileExec1389315283.dir/link.txt --verbose=1]
  ignore line: [/usr/bin/c++      -v CMakeFiles/cmTryCompileExec1389315283.dir/CMakeCXXCompilerABI.cpp.o  -o cmTryCompileExec1389315283 -rdynamic  ]
  ignore line: [Reading specs from /usr/lib/gcc/x86_64-linux-gnu/4.9/specs]
  ignore line: [COLLECT_GCC=/usr/bin/c++]
  ignore line: [COLLECT_LTO_WRAPPER=/usr/lib/gcc/x86_64-linux-gnu/4.9/lto-wrapper]
  ignore line: [Target: x86_64-linux-gnu]
  ignore line: [Configured with: ../src/configure -v --with-pkgversion='Ubuntu 4.9.2-10ubuntu13' --with-bugurl=file:///usr/share/doc/gcc-4.9/README.Bugs --enable-languages=c,c++,java,go,d,fortran,objc,obj-c++ --prefix=/usr --program-suffix=-4.9 --enable-shared --enable-linker-build-id --libexecdir=/usr/lib --without-included-gettext --enable-threads=posix --with-gxx-include-dir=/usr/include/c++/4.9 --libdir=/usr/lib --enable-nls --with-sysroot=/ --enable-clocale=gnu --enable-libstdcxx-debug --enable-libstdcxx-time=yes --enable-gnu-unique-object --disable-vtable-verify --enable-plugin --with-system-zlib --disable-browser-plugin --enable-java-awt=gtk --enable-gtk-cairo --with-java-home=/usr/lib/jvm/java-1.5.0-gcj-4.9-amd64/jre --enable-java-home --with-jvm-root-dir=/usr/lib/jvm/java-1.5.0-gcj-4.9-amd64 --with-jvm-jar-dir=/usr/lib/jvm-exports/java-1.5.0-gcj-4.9-amd64 --with-arch-directory=amd64 --with-ecj-jar=/usr/share/java/eclipse-ecj.jar --enable-objc-gc --enable-multiarch --disable-werror --with-arch-32=i686 --with-abi=m64 --with-multilib-list=m32,m64,mx32 --enable-multilib --with-tune=generic --enable-checking=release --build=x86_64-linux-gnu --host=x86_64-linux-gnu --target=x86_64-linux-gnu]
  ignore line: [Thread model: posix]
  ignore line: [gcc version 4.9.2 (Ubuntu 4.9.2-10ubuntu13) ]
  ignore line: [COMPILER_PATH=/usr/lib/gcc/x86_64-linux-gnu/4.9/:/usr/lib/gcc/x86_64-linux-gnu/4.9/:/usr/lib/gcc/x86_64-linux-gnu/:/usr/lib/gcc/x86_64-linux-gnu/4.9/:/usr/lib/gcc/x86_64-linux-gnu/]
  ignore line: [LIBRARY_PATH=/usr/lib/gcc/x86_64-linux-gnu/4.9/:/usr/lib/gcc/x86_64-linux-gnu/4.9/../../../x86_64-linux-gnu/:/usr/lib/gcc/x86_64-linux-gnu/4.9/../../../../lib/:/lib/x86_64-linux-gnu/:/lib/../lib/:/usr/lib/x86_64-linux-gnu/:/usr/lib/../lib/:/usr/lib/gcc/x86_64-linux-gnu/4.9/../../../:/lib/:/usr/lib/]
  ignore line: [COLLECT_GCC_OPTIONS='-v' '-o' 'cmTryCompileExec1389315283' '-rdynamic' '-shared-libgcc' '-mtune=generic' '-march=x86-64']
  link line: [ /usr/lib/gcc/x86_64-linux-gnu/4.9/collect2 -plugin /usr/lib/gcc/x86_64-linux-gnu/4.9/liblto_plugin.so -plugin-opt=/usr/lib/gcc/x86_64-linux-gnu/4.9/lto-wrapper -plugin-opt=-fresolution=/tmp/cc8BVueX.res -plugin-opt=-pass-through=-lgcc_s -plugin-opt=-pass-through=-lgcc -plugin-opt=-pass-through=-lc -plugin-opt=-pass-through=-lgcc_s -plugin-opt=-pass-through=-lgcc --sysroot=/ --build-id --eh-frame-hdr -m elf_x86_64 --hash-style=gnu --as-needed -export-dynamic -dynamic-linker /lib64/ld-linux-x86-64.so.2 -z relro -o cmTryCompileExec1389315283 /usr/lib/gcc/x86_64-linux-gnu/4.9/../../../x86_64-linux-gnu/crt1.o /usr/lib/gcc/x86_64-linux-gnu/4.9/../../../x86_64-linux-gnu/crti.o /usr/lib/gcc/x86_64-linux-gnu/4.9/crtbegin.o -L/usr/lib/gcc/x86_64-linux-gnu/4.9 -L/usr/lib/gcc/x86_64-linux-gnu/4.9/../../../x86_64-linux-gnu -L/usr/lib/gcc/x86_64-linux-gnu/4.9/../../../../lib -L/lib/x86_64-linux-gnu -L/lib/../lib -L/usr/lib/x86_64-linux-gnu -L/usr/lib/../lib -L/usr/lib/gcc/x86_64-linux-gnu/4.9/../../.. CMakeFiles/cmTryCompileExec1389315283.dir/CMakeCXXCompilerABI.cpp.o -lstdc++ -lm -lgcc_s -lgcc -lc -lgcc_s -lgcc /usr/lib/gcc/x86_64-linux-gnu/4.9/crtend.o /usr/lib/gcc/x86_64-linux-gnu/4.9/../../../x86_64-linux-gnu/crtn.o]
    arg [/usr/lib/gcc/x86_64-linux-gnu/4.9/collect2] ==> ignore
    arg [-plugin] ==> ignore
    arg [/usr/lib/gcc/x86_64-linux-gnu/4.9/liblto_plugin.so] ==> ignore
    arg [-plugin-opt=/usr/lib/gcc/x86_64-linux-gnu/4.9/lto-wrapper] ==> ignore
    arg [-plugin-opt=-fresolution=/tmp/cc8BVueX.res] ==> ignore
    arg [-plugin-opt=-pass-through=-lgcc_s] ==> ignore
    arg [-plugin-opt=-pass-through=-lgcc] ==> ignore
    arg [-plugin-opt=-pass-through=-lc] ==> ignore
    arg [-plugin-opt=-pass-through=-lgcc_s] ==> ignore
    arg [-plugin-opt=-pass-through=-lgcc] ==> ignore
    arg [--sysroot=/] ==> ignore
    arg [--build-id] ==> ignore
    arg [--eh-frame-hdr] ==> ignore
    arg [-m] ==> ignore
    arg [elf_x86_64] ==> ignore
    arg [--hash-style=gnu] ==> ignore
    arg [--as-needed] ==> ignore
    arg [-export-dynamic] ==> ignore
    arg [-dynamic-linker] ==> ignore
    arg [/lib64/ld-linux-x86-64.so.2] ==> ignore
    arg [-zrelro] ==> ignore
    arg [-o] ==> ignore
    arg [cmTryCompileExec1389315283] ==> ignore
    arg [/usr/lib/gcc/x86_64-linux-gnu/4.9/../../../x86_64-linux-gnu/crt1.o] ==> ignore
    arg [/usr/lib/gcc/x86_64-linux-gnu/4.9/../../../x86_64-linux-gnu/crti.o] ==> ignore
    arg [/usr/lib/gcc/x86_64-linux-gnu/4.9/crtbegin.o] ==> ignore
    arg [-L/usr/lib/gcc/x86_64-linux-gnu/4.9] ==> dir [/usr/lib/gcc/x86_64-linux-gnu/4.9]
    arg [-L/usr/lib/gcc/x86_64-linux-gnu/4.9/../../../x86_64-linux-gnu] ==> dir [/usr/lib/gcc/x86_64-linux-gnu/4.9/../../../x86_64-linux-gnu]
    arg [-L/usr/lib/gcc/x86_64-linux-gnu/4.9/../../../../lib] ==> dir [/usr/lib/gcc/x86_64-linux-gnu/4.9/../../../../lib]
    arg [-L/lib/x86_64-linux-gnu] ==> dir [/lib/x86_64-linux-gnu]
    arg [-L/lib/../lib] ==> dir [/lib/../lib]
    arg [-L/usr/lib/x86_64-linux-gnu] ==> dir [/usr/lib/x86_64-linux-gnu]
    arg [-L/usr/lib/../lib] ==> dir [/usr/lib/../lib]
    arg [-L/usr/lib/gcc/x86_64-linux-gnu/4.9/../../..] ==> dir [/usr/lib/gcc/x86_64-linux-gnu/4.9/../../..]
    arg [CMakeFiles/cmTryCompileExec1389315283.dir/CMakeCXXCompilerABI.cpp.o] ==> ignore
    arg [-lstdc++] ==> lib [stdc++]
    arg [-lm] ==> lib [m]
    arg [-lgcc_s] ==> lib [gcc_s]
    arg [-lgcc] ==> lib [gcc]
    arg [-lc] ==> lib [c]
    arg [-lgcc_s] ==> lib [gcc_s]
    arg [-lgcc] ==> lib [gcc]
    arg [/usr/lib/gcc/x86_64-linux-gnu/4.9/crtend.o] ==> ignore
    arg [/usr/lib/gcc/x86_64-linux-gnu/4.9/../../../x86_64-linux-gnu/crtn.o] ==> ignore
  remove lib [gcc_s]
  remove lib [gcc]
  remove lib [gcc_s]
  remove lib [gcc]
  collapse library dir [/usr/lib/gcc/x86_64-linux-gnu/4.9] ==> [/usr/lib/gcc/x86_64-linux-gnu/4.9]
  collapse library dir [/usr/lib/gcc/x86_64-linux-gnu/4.9/../../../x86_64-linux-gnu] ==> [/usr/lib/x86_64-linux-gnu]
  collapse library dir [/usr/lib/gcc/x86_64-linux-gnu/4.9/../../../../lib] ==> [/usr/lib]
  collapse library dir [/lib/x86_64-linux-gnu] ==> [/lib/x86_64-linux-gnu]
  collapse library dir [/lib/../lib] ==> [/lib]
  collapse library dir [/usr/lib/x86_64-linux-gnu] ==> [/usr/lib/x86_64-linux-gnu]
  collapse library dir [/usr/lib/../lib] ==> [/usr/lib]
  collapse library dir [/usr/lib/gcc/x86_64-linux-gnu/4.9/../../..] ==> [/usr/lib]
  implicit libs: [stdc++;m;c]
  implicit dirs: [/usr/lib/gcc/x86_64-linux-gnu/4.9;/usr/lib/x86_64-linux-gnu;/usr/lib;/lib/x86_64-linux-gnu;/lib]
  implicit fwks: []


Determining if the C compiler works passed with the following output:
Change Dir: /home/daniel/projects/opencv/build/CMakeFiles/CMakeTmp

Run Build Command:"/usr/bin/make" "cmTryCompileExec3903383661/fast"
/usr/bin/make -f CMakeFiles/cmTryCompileExec3903383661.dir/build.make CMakeFiles/cmTryCompileExec3903383661.dir/build
make[1]: Entering directory '/home/daniel/projects/opencv/build/CMakeFiles/CMakeTmp'
/usr/bin/cmake -E cmake_progress_report /home/daniel/projects/opencv/build/CMakeFiles/CMakeTmp/CMakeFiles 1
Building C object CMakeFiles/cmTryCompileExec3903383661.dir/testCCompiler.c.o
/usr/bin/cc   -I/usr/lib/x86_64-linux-gnu/     -o CMakeFiles/cmTryCompileExec3903383661.dir/testCCompiler.c.o   -c /home/daniel/projects/opencv/build/CMakeFiles/CMakeTmp/testCCompiler.c
Linking C executable cmTryCompileExec3903383661
/usr/bin/cmake -E cmake_link_script CMakeFiles/cmTryCompileExec3903383661.dir/link.txt --verbose=1
/usr/bin/cc   -I/usr/lib/x86_64-linux-gnu/      -L/usr/lib/x86_64-linux-gnu/ CMakeFiles/cmTryCompileExec3903383661.dir/testCCompiler.c.o  -o cmTryCompileExec3903383661 -rdynamic 
make[1]: Leaving directory '/home/daniel/projects/opencv/build/CMakeFiles/CMakeTmp'


Detecting C compiler ABI info compiled with the following output:
Change Dir: /home/daniel/projects/opencv/build/CMakeFiles/CMakeTmp

Run Build Command:"/usr/bin/make" "cmTryCompileExec1434474656/fast"
/usr/bin/make -f CMakeFiles/cmTryCompileExec1434474656.dir/build.make CMakeFiles/cmTryCompileExec1434474656.dir/build
make[1]: Entering directory '/home/daniel/projects/opencv/build/CMakeFiles/CMakeTmp'
/usr/bin/cmake -E cmake_progress_report /home/daniel/projects/opencv/build/CMakeFiles/CMakeTmp/CMakeFiles 1
Building C object CMakeFiles/cmTryCompileExec1434474656.dir/CMakeCCompilerABI.c.o
/usr/bin/cc   -I/usr/lib/x86_64-linux-gnu/     -o CMakeFiles/cmTryCompileExec1434474656.dir/CMakeCCompilerABI.c.o   -c /usr/share/cmake-3.0/Modules/CMakeCCompilerABI.c
Linking C executable cmTryCompileExec1434474656
/usr/bin/cmake -E cmake_link_script CMakeFiles/cmTryCompileExec1434474656.dir/link.txt --verbose=1
/usr/bin/cc   -I/usr/lib/x86_64-linux-gnu/    -v CMakeFiles/cmTryCompileExec1434474656.dir/CMakeCCompilerABI.c.o  -o cmTryCompileExec1434474656 -rdynamic  
Reading specs from /usr/lib/gcc/x86_64-linux-gnu/4.9/specs
COLLECT_GCC=/usr/bin/cc
COLLECT_LTO_WRAPPER=/usr/lib/gcc/x86_64-linux-gnu/4.9/lto-wrapper
Target: x86_64-linux-gnu
Configured with: ../src/configure -v --with-pkgversion='Ubuntu 4.9.2-10ubuntu13' --with-bugurl=file:///usr/share/doc/gcc-4.9/README.Bugs --enable-languages=c,c++,java,go,d,fortran,objc,obj-c++ --prefix=/usr --program-suffix=-4.9 --enable-shared --enable-linker-build-id --libexecdir=/usr/lib --without-included-gettext --enable-threads=posix --with-gxx-include-dir=/usr/include/c++/4.9 --libdir=/usr/lib --enable-nls --with-sysroot=/ --enable-clocale=gnu --enable-libstdcxx-debug --enable-libstdcxx-time=yes --enable-gnu-unique-object --disable-vtable-verify --enable-plugin --with-system-zlib --disable-browser-plugin --enable-java-awt=gtk --enable-gtk-cairo --with-java-home=/usr/lib/jvm/java-1.5.0-gcj-4.9-amd64/jre --enable-java-home --with-jvm-root-dir=/usr/lib/jvm/java-1.5.0-gcj-4.9-amd64 --with-jvm-jar-dir=/usr/lib/jvm-exports/java-1.5.0-gcj-4.9-amd64 --with-arch-directory=amd64 --with-ecj-jar=/usr/share/java/eclipse-ecj.jar --enable-objc-gc --enable-multiarch --disable-werror --with-arch-32=i686 --with-abi=m64 --with-multilib-list=m32,m64,mx32 --enable-multilib --with-tune=generic --enable-checking=release --build=x86_64-linux-gnu --host=x86_64-linux-gnu --target=x86_64-linux-gnu
Thread model: posix
gcc version 4.9.2 (Ubuntu 4.9.2-10ubuntu13) 
COMPILER_PATH=/usr/lib/gcc/x86_64-linux-gnu/4.9/:/usr/lib/gcc/x86_64-linux-gnu/4.9/:/usr/lib/gcc/x86_64-linux-gnu/:/usr/lib/gcc/x86_64-linux-gnu/4.9/:/usr/lib/gcc/x86_64-linux-gnu/
LIBRARY_PATH=/usr/lib/gcc/x86_64-linux-gnu/4.9/:/usr/lib/gcc/x86_64-linux-gnu/4.9/../../../x86_64-linux-gnu/:/usr/lib/gcc/x86_64-linux-gnu/4.9/../../../../lib/:/lib/x86_64-linux-gnu/:/lib/../lib/:/usr/lib/x86_64-linux-gnu/:/usr/lib/../lib/:/usr/lib/gcc/x86_64-linux-gnu/4.9/../../../:/lib/:/usr/lib/
COLLECT_GCC_OPTIONS='-I' '/usr/lib/x86_64-linux-gnu/' '-v' '-o' 'cmTryCompileExec1434474656' '-rdynamic' '-mtune=generic' '-march=x86-64'
 /usr/lib/gcc/x86_64-linux-gnu/4.9/collect2 -plugin /usr/lib/gcc/x86_64-linux-gnu/4.9/liblto_plugin.so -plugin-opt=/usr/lib/gcc/x86_64-linux-gnu/4.9/lto-wrapper -plugin-opt=-fresolution=/tmp/ccZi7v29.res -plugin-opt=-pass-through=-lgcc -plugin-opt=-pass-through=-lgcc_s -plugin-opt=-pass-through=-lc -plugin-opt=-pass-through=-lgcc -plugin-opt=-pass-through=-lgcc_s --sysroot=/ --build-id --eh-frame-hdr -m elf_x86_64 --hash-style=gnu --as-needed -export-dynamic -dynamic-linker /lib64/ld-linux-x86-64.so.2 -z relro -o cmTryCompileExec1434474656 /usr/lib/gcc/x86_64-linux-gnu/4.9/../../../x86_64-linux-gnu/crt1.o /usr/lib/gcc/x86_64-linux-gnu/4.9/../../../x86_64-linux-gnu/crti.o /usr/lib/gcc/x86_64-linux-gnu/4.9/crtbegin.o -L/usr/lib/gcc/x86_64-linux-gnu/4.9 -L/usr/lib/gcc/x86_64-linux-gnu/4.9/../../../x86_64-linux-gnu -L/usr/lib/gcc/x86_64-linux-gnu/4.9/../../../../lib -L/lib/x86_64-linux-gnu -L/lib/../lib -L/usr/lib/x86_64-linux-gnu -L/usr/lib/../lib -L/usr/lib/gcc/x86_64-linux-gnu/4.9/../../.. CMakeFiles/cmTryCompileExec1434474656.dir/CMakeCCompilerABI.c.o -lgcc --as-needed -lgcc_s --no-as-needed -lc -lgcc --as-needed -lgcc_s --no-as-needed /usr/lib/gcc/x86_64-linux-gnu/4.9/crtend.o /usr/lib/gcc/x86_64-linux-gnu/4.9/../../../x86_64-linux-gnu/crtn.o
make[1]: Leaving directory '/home/daniel/projects/opencv/build/CMakeFiles/CMakeTmp'


Parsed C implicit link information from above output:
  link line regex: [^( *|.*[/\])(ld|([^/\]+-)?ld|collect2)[^/\]*( |$)]
  ignore line: [Change Dir: /home/daniel/projects/opencv/build/CMakeFiles/CMakeTmp]
  ignore line: []
  ignore line: [Run Build Command:"/usr/bin/make" "cmTryCompileExec1434474656/fast"]
  ignore line: [/usr/bin/make -f CMakeFiles/cmTryCompileExec1434474656.dir/build.make CMakeFiles/cmTryCompileExec1434474656.dir/build]
  ignore line: [make[1]: Entering directory '/home/daniel/projects/opencv/build/CMakeFiles/CMakeTmp']
  ignore line: [/usr/bin/cmake -E cmake_progress_report /home/daniel/projects/opencv/build/CMakeFiles/CMakeTmp/CMakeFiles 1]
  ignore line: [Building C object CMakeFiles/cmTryCompileExec1434474656.dir/CMakeCCompilerABI.c.o]
  ignore line: [/usr/bin/cc   -I/usr/lib/x86_64-linux-gnu/     -o CMakeFiles/cmTryCompileExec1434474656.dir/CMakeCCompilerABI.c.o   -c /usr/share/cmake-3.0/Modules/CMakeCCompilerABI.c]
  ignore line: [Linking C executable cmTryCompileExec1434474656]
  ignore line: [/usr/bin/cmake -E cmake_link_script CMakeFiles/cmTryCompileExec1434474656.dir/link.txt --verbose=1]
  ignore line: [/usr/bin/cc   -I/usr/lib/x86_64-linux-gnu/    -v CMakeFiles/cmTryCompileExec1434474656.dir/CMakeCCompilerABI.c.o  -o cmTryCompileExec1434474656 -rdynamic  ]
  ignore line: [Reading specs from /usr/lib/gcc/x86_64-linux-gnu/4.9/specs]
  ignore line: [COLLECT_GCC=/usr/bin/cc]
  ignore line: [COLLECT_LTO_WRAPPER=/usr/lib/gcc/x86_64-linux-gnu/4.9/lto-wrapper]
  ignore line: [Target: x86_64-linux-gnu]
  ignore line: [Configured with: ../src/configure -v --with-pkgversion='Ubuntu 4.9.2-10ubuntu13' --with-bugurl=file:///usr/share/doc/gcc-4.9/README.Bugs --enable-languages=c,c++,java,go,d,fortran,objc,obj-c++ --prefix=/usr --program-suffix=-4.9 --enable-shared --enable-linker-build-id --libexecdir=/usr/lib --without-included-gettext --enable-threads=posix --with-gxx-include-dir=/usr/include/c++/4.9 --libdir=/usr/lib --enable-nls --with-sysroot=/ --enable-clocale=gnu --enable-libstdcxx-debug --enable-libstdcxx-time=yes --enable-gnu-unique-object --disable-vtable-verify --enable-plugin --with-system-zlib --disable-browser-plugin --enable-java-awt=gtk --enable-gtk-cairo --with-java-home=/usr/lib/jvm/java-1.5.0-gcj-4.9-amd64/jre --enable-java-home --with-jvm-root-dir=/usr/lib/jvm/java-1.5.0-gcj-4.9-amd64 --with-jvm-jar-dir=/usr/lib/jvm-exports/java-1.5.0-gcj-4.9-amd64 --with-arch-directory=amd64 --with-ecj-jar=/usr/share/java/eclipse-ecj.jar --enable-objc-gc --enable-multiarch --disable-werror --with-arch-32=i686 --with-abi=m64 --with-multilib-list=m32,m64,mx32 --enable-multilib --with-tune=generic --enable-checking=release --build=x86_64-linux-gnu --host=x86_64-linux-gnu --target=x86_64-linux-gnu]
  ignore line: [Thread model: posix]
  ignore line: [gcc version 4.9.2 (Ubuntu 4.9.2-10ubuntu13) ]
  ignore line: [COMPILER_PATH=/usr/lib/gcc/x86_64-linux-gnu/4.9/:/usr/lib/gcc/x86_64-linux-gnu/4.9/:/usr/lib/gcc/x86_64-linux-gnu/:/usr/lib/gcc/x86_64-linux-gnu/4.9/:/usr/lib/gcc/x86_64-linux-gnu/]
  ignore line: [LIBRARY_PATH=/usr/lib/gcc/x86_64-linux-gnu/4.9/:/usr/lib/gcc/x86_64-linux-gnu/4.9/../../../x86_64-linux-gnu/:/usr/lib/gcc/x86_64-linux-gnu/4.9/../../../../lib/:/lib/x86_64-linux-gnu/:/lib/../lib/:/usr/lib/x86_64-linux-gnu/:/usr/lib/../lib/:/usr/lib/gcc/x86_64-linux-gnu/4.9/../../../:/lib/:/usr/lib/]
  ignore line: [COLLECT_GCC_OPTIONS='-I' '/usr/lib/x86_64-linux-gnu/' '-v' '-o' 'cmTryCompileExec1434474656' '-rdynamic' '-mtune=generic' '-march=x86-64']
  link line: [ /usr/lib/gcc/x86_64-linux-gnu/4.9/collect2 -plugin /usr/lib/gcc/x86_64-linux-gnu/4.9/liblto_plugin.so -plugin-opt=/usr/lib/gcc/x86_64-linux-gnu/4.9/lto-wrapper -plugin-opt=-fresolution=/tmp/ccZi7v29.res -plugin-opt=-pass-through=-lgcc -plugin-opt=-pass-through=-lgcc_s -plugin-opt=-pass-through=-lc -plugin-opt=-pass-through=-lgcc -plugin-opt=-pass-through=-lgcc_s --sysroot=/ --build-id --eh-frame-hdr -m elf_x86_64 --hash-style=gnu --as-needed -export-dynamic -dynamic-linker /lib64/ld-linux-x86-64.so.2 -z relro -o cmTryCompileExec1434474656 /usr/lib/gcc/x86_64-linux-gnu/4.9/../../../x86_64-linux-gnu/crt1.o /usr/lib/gcc/x86_64-linux-gnu/4.9/../../../x86_64-linux-gnu/crti.o /usr/lib/gcc/x86_64-linux-gnu/4.9/crtbegin.o -L/usr/lib/gcc/x86_64-linux-gnu/4.9 -L/usr/lib/gcc/x86_64-linux-gnu/4.9/../../../x86_64-linux-gnu -L/usr/lib/gcc/x86_64-linux-gnu/4.9/../../../../lib -L/lib/x86_64-linux-gnu -L/lib/../lib -L/usr/lib/x86_64-linux-gnu -L/usr/lib/../lib -L/usr/lib/gcc/x86_64-linux-gnu/4.9/../../.. CMakeFiles/cmTryCompileExec1434474656.dir/CMakeCCompilerABI.c.o -lgcc --as-needed -lgcc_s --no-as-needed -lc -lgcc --as-needed -lgcc_s --no-as-needed /usr/lib/gcc/x86_64-linux-gnu/4.9/crtend.o /usr/lib/gcc/x86_64-linux-gnu/4.9/../../../x86_64-linux-gnu/crtn.o]
    arg [/usr/lib/gcc/x86_64-linux-gnu/4.9/collect2] ==> ignore
    arg [-plugin] ==> ignore
    arg [/usr/lib/gcc/x86_64-linux-gnu/4.9/liblto_plugin.so] ==> ignore
    arg [-plugin-opt=/usr/lib/gcc/x86_64-linux-gnu/4.9/lto-wrapper] ==> ignore
    arg [-plugin-opt=-fresolution=/tmp/ccZi7v29.res] ==> ignore
    arg [-plugin-opt=-pass-through=-lgcc] ==> ignore
    arg [-plugin-opt=-pass-through=-lgcc_s] ==> ignore
    arg [-plugin-opt=-pass-through=-lc] ==> ignore
    arg [-plugin-opt=-pass-through=-lgcc] ==> ignore
    arg [-plugin-opt=-pass-through=-lgcc_s] ==> ignore
    arg [--sysroot=/] ==> ignore
    arg [--build-id] ==> ignore
    arg [--eh-frame-hdr] ==> ignore
    arg [-m] ==> ignore
    arg [elf_x86_64] ==> ignore
    arg [--hash-style=gnu] ==> ignore
    arg [--as-needed] ==> ignore
    arg [-export-dynamic] ==> ignore
    arg [-dynamic-linker] ==> ignore
    arg [/lib64/ld-linux-x86-64.so.2] ==> ignore
    arg [-zrelro] ==> ignore
    arg [-o] ==> ignore
    arg [cmTryCompileExec1434474656] ==> ignore
    arg [/usr/lib/gcc/x86_64-linux-gnu/4.9/../../../x86_64-linux-gnu/crt1.o] ==> ignore
    arg [/usr/lib/gcc/x86_64-linux-gnu/4.9/../../../x86_64-linux-gnu/crti.o] ==> ignore
    arg [/usr/lib/gcc/x86_64-linux-gnu/4.9/crtbegin.o] ==> ignore
    arg [-L/usr/lib/gcc/x86_64-linux-gnu/4.9] ==> dir [/usr/lib/gcc/x86_64-linux-gnu/4.9]
    arg [-L/usr/lib/gcc/x86_64-linux-gnu/4.9/../../../x86_64-linux-gnu] ==> dir [/usr/lib/gcc/x86_64-linux-gnu/4.9/../../../x86_64-linux-gnu]
    arg [-L/usr/lib/gcc/x86_64-linux-gnu/4.9/../../../../lib] ==> dir [/usr/lib/gcc/x86_64-linux-gnu/4.9/../../../../lib]
    arg [-L/lib/x86_64-linux-gnu] ==> dir [/lib/x86_64-linux-gnu]
    arg [-L/lib/../lib] ==> dir [/lib/../lib]
    arg [-L/usr/lib/x86_64-linux-gnu] ==> dir [/usr/lib/x86_64-linux-gnu]
    arg [-L/usr/lib/../lib] ==> dir [/usr/lib/../lib]
    arg [-L/usr/lib/gcc/x86_64-linux-gnu/4.9/../../..] ==> dir [/usr/lib/gcc/x86_64-linux-gnu/4.9/../../..]
    arg [CMakeFiles/cmTryCompileExec1434474656.dir/CMakeCCompilerABI.c.o] ==> ignore
    arg [-lgcc] ==> lib [gcc]
    arg [--as-needed] ==> ignore
    arg [-lgcc_s] ==> lib [gcc_s]
    arg [--no-as-needed] ==> ignore
    arg [-lc] ==> lib [c]
    arg [-lgcc] ==> lib [gcc]
    arg [--as-needed] ==> ignore
    arg [-lgcc_s] ==> lib [gcc_s]
    arg [--no-as-needed] ==> ignore
    arg [/usr/lib/gcc/x86_64-linux-gnu/4.9/crtend.o] ==> ignore
    arg [/usr/lib/gcc/x86_64-linux-gnu/4.9/../../../x86_64-linux-gnu/crtn.o] ==> ignore
  remove lib [gcc]
  remove lib [gcc_s]
  remove lib [gcc]
  remove lib [gcc_s]
  collapse library dir [/usr/lib/gcc/x86_64-linux-gnu/4.9] ==> [/usr/lib/gcc/x86_64-linux-gnu/4.9]
  collapse library dir [/usr/lib/gcc/x86_64-linux-gnu/4.9/../../../x86_64-linux-gnu] ==> [/usr/lib/x86_64-linux-gnu]
  collapse library dir [/usr/lib/gcc/x86_64-linux-gnu/4.9/../../../../lib] ==> [/usr/lib]
  collapse library dir [/lib/x86_64-linux-gnu] ==> [/lib/x86_64-linux-gnu]
  collapse library dir [/lib/../lib] ==> [/lib]
  collapse library dir [/usr/lib/x86_64-linux-gnu] ==> [/usr/lib/x86_64-linux-gnu]
  collapse library dir [/usr/lib/../lib] ==> [/usr/lib]
  collapse library dir [/usr/lib/gcc/x86_64-linux-gnu/4.9/../../..] ==> [/usr/lib]
  implicit libs: [c]
  implicit dirs: [/usr/lib/gcc/x86_64-linux-gnu/4.9;/usr/lib/x86_64-linux-gnu;/usr/lib;/lib/x86_64-linux-gnu;/lib]
  implicit fwks: []


Determining if the include file pthread.h exists passed with the following output:
Change Dir: /home/daniel/projects/opencv/build/CMakeFiles/CMakeTmp

Run Build Command:"/usr/bin/make" "cmTryCompileExec536773987/fast"
/usr/bin/make -f CMakeFiles/cmTryCompileExec536773987.dir/build.make CMakeFiles/cmTryCompileExec536773987.dir/build
make[1]: Entering directory '/home/daniel/projects/opencv/build/CMakeFiles/CMakeTmp'
/usr/bin/cmake -E cmake_progress_report /home/daniel/projects/opencv/build/CMakeFiles/CMakeTmp/CMakeFiles 1
Building C object CMakeFiles/cmTryCompileExec536773987.dir/CheckIncludeFile.c.o
/usr/bin/cc   -I/usr/lib/x86_64-linux-gnu/    -fsigned-char -W -Wall -Werror=return-type -Werror=address -Werror=sequence-point -Wformat -Werror=format-security -Wmissing-declarations -Wmissing-prototypes -Wstrict-prototypes -Wundef -Winit-self -Wpointer-arith -Wshadow -Wno-narrowing -fdiagnostics-show-option -Wno-long-long -pthread -fomit-frame-pointer -msse -msse2 -msse3 -ffunction-sections  -O3 -DNDEBUG   -o CMakeFiles/cmTryCompileExec536773987.dir/CheckIncludeFile.c.o   -c /home/daniel/projects/opencv/build/CMakeFiles/CMakeTmp/CheckIncludeFile.c
Linking C executable cmTryCompileExec536773987
/usr/bin/cmake -E cmake_link_script CMakeFiles/cmTryCompileExec536773987.dir/link.txt --verbose=1
/usr/bin/cc   -I/usr/lib/x86_64-linux-gnu/    -fsigned-char -W -Wall -Werror=return-type -Werror=address -Werror=sequence-point -Wformat -Werror=format-security -Wmissing-declarations -Wmissing-prototypes -Wstrict-prototypes -Wundef -Winit-self -Wpointer-arith -Wshadow -Wno-narrowing -fdiagnostics-show-option -Wno-long-long -pthread -fomit-frame-pointer -msse -msse2 -msse3 -ffunction-sections  -O3 -DNDEBUG    -L/usr/lib/x86_64-linux-gnu/ CMakeFiles/cmTryCompileExec536773987.dir/CheckIncludeFile.c.o  -o cmTryCompileExec536773987 -rdynamic 
make[1]: Leaving directory '/home/daniel/projects/opencv/build/CMakeFiles/CMakeTmp'


Determining if the include file sys/types.h exists passed with the following output:
Change Dir: /home/daniel/projects/opencv/build/CMakeFiles/CMakeTmp

Run Build Command:"/usr/bin/make" "cmTryCompileExec2430667312/fast"
/usr/bin/make -f CMakeFiles/cmTryCompileExec2430667312.dir/build.make CMakeFiles/cmTryCompileExec2430667312.dir/build
make[1]: Entering directory '/home/daniel/projects/opencv/build/CMakeFiles/CMakeTmp'
/usr/bin/cmake -E cmake_progress_report /home/daniel/projects/opencv/build/CMakeFiles/CMakeTmp/CMakeFiles 1
Building C object CMakeFiles/cmTryCompileExec2430667312.dir/CheckIncludeFile.c.o
/usr/bin/cc   -I/usr/lib/x86_64-linux-gnu/    -fsigned-char -W -Wall -Werror=return-type -Werror=address -Werror=sequence-point -Wformat -Werror=format-security -Wmissing-declarations -Wmissing-prototypes -Wstrict-prototypes -Wundef -Winit-self -Wpointer-arith -Wshadow -Wno-narrowing -fdiagnostics-show-option -Wno-long-long -pthread -fomit-frame-pointer -msse -msse2 -msse3 -ffunction-sections  -O3 -DNDEBUG   -o CMakeFiles/cmTryCompileExec2430667312.dir/CheckIncludeFile.c.o   -c /home/daniel/projects/opencv/build/CMakeFiles/CMakeTmp/CheckIncludeFile.c
Linking C executable cmTryCompileExec2430667312
/usr/bin/cmake -E cmake_link_script CMakeFiles/cmTryCompileExec2430667312.dir/link.txt --verbose=1
/usr/bin/cc   -I/usr/lib/x86_64-linux-gnu/    -fsigned-char -W -Wall -Werror=return-type -Werror=address -Werror=sequence-point -Wformat -Werror=format-security -Wmissing-declarations -Wmissing-prototypes -Wstrict-prototypes -Wundef -Winit-self -Wpointer-arith -Wshadow -Wno-narrowing -fdiagnostics-show-option -Wno-long-long -pthread -fomit-frame-pointer -msse -msse2 -msse3 -ffunction-sections  -O3 -DNDEBUG    -L/usr/lib/x86_64-linux-gnu/ CMakeFiles/cmTryCompileExec2430667312.dir/CheckIncludeFile.c.o  -o cmTryCompileExec2430667312 -rdynamic 
make[1]: Leaving directory '/home/daniel/projects/opencv/build/CMakeFiles/CMakeTmp'


Determining if the include file stdint.h exists passed with the following output:
Change Dir: /home/daniel/projects/opencv/build/CMakeFiles/CMakeTmp

Run Build Command:"/usr/bin/make" "cmTryCompileExec3838028363/fast"
/usr/bin/make -f CMakeFiles/cmTryCompileExec3838028363.dir/build.make CMakeFiles/cmTryCompileExec3838028363.dir/build
make[1]: Entering directory '/home/daniel/projects/opencv/build/CMakeFiles/CMakeTmp'
/usr/bin/cmake -E cmake_progress_report /home/daniel/projects/opencv/build/CMakeFiles/CMakeTmp/CMakeFiles 1
Building C object CMakeFiles/cmTryCompileExec3838028363.dir/CheckIncludeFile.c.o
/usr/bin/cc   -I/usr/lib/x86_64-linux-gnu/    -fsigned-char -W -Wall -Werror=return-type -Werror=address -Werror=sequence-point -Wformat -Werror=format-security -Wmissing-declarations -Wmissing-prototypes -Wstrict-prototypes -Wundef -Winit-self -Wpointer-arith -Wshadow -Wno-narrowing -fdiagnostics-show-option -Wno-long-long -pthread -fomit-frame-pointer -msse -msse2 -msse3 -ffunction-sections  -O3 -DNDEBUG   -o CMakeFiles/cmTryCompileExec3838028363.dir/CheckIncludeFile.c.o   -c /home/daniel/projects/opencv/build/CMakeFiles/CMakeTmp/CheckIncludeFile.c
Linking C executable cmTryCompileExec3838028363
/usr/bin/cmake -E cmake_link_script CMakeFiles/cmTryCompileExec3838028363.dir/link.txt --verbose=1
/usr/bin/cc   -I/usr/lib/x86_64-linux-gnu/    -fsigned-char -W -Wall -Werror=return-type -Werror=address -Werror=sequence-point -Wformat -Werror=format-security -Wmissing-declarations -Wmissing-prototypes -Wstrict-prototypes -Wundef -Winit-self -Wpointer-arith -Wshadow -Wno-narrowing -fdiagnostics-show-option -Wno-long-long -pthread -fomit-frame-pointer -msse -msse2 -msse3 -ffunction-sections  -O3 -DNDEBUG    -L/usr/lib/x86_64-linux-gnu/ CMakeFiles/cmTryCompileExec3838028363.dir/CheckIncludeFile.c.o  -o cmTryCompileExec3838028363 -rdynamic 
make[1]: Leaving directory '/home/daniel/projects/opencv/build/CMakeFiles/CMakeTmp'


Determining if the include file stddef.h exists passed with the following output:
Change Dir: /home/daniel/projects/opencv/build/CMakeFiles/CMakeTmp

Run Build Command:"/usr/bin/make" "cmTryCompileExec1564815710/fast"
/usr/bin/make -f CMakeFiles/cmTryCompileExec1564815710.dir/build.make CMakeFiles/cmTryCompileExec1564815710.dir/build
make[1]: Entering directory '/home/daniel/projects/opencv/build/CMakeFiles/CMakeTmp'
/usr/bin/cmake -E cmake_progress_report /home/daniel/projects/opencv/build/CMakeFiles/CMakeTmp/CMakeFiles 1
Building C object CMakeFiles/cmTryCompileExec1564815710.dir/CheckIncludeFile.c.o
/usr/bin/cc   -I/usr/lib/x86_64-linux-gnu/    -fsigned-char -W -Wall -Werror=return-type -Werror=address -Werror=sequence-point -Wformat -Werror=format-security -Wmissing-declarations -Wmissing-prototypes -Wstrict-prototypes -Wundef -Winit-self -Wpointer-arith -Wshadow -Wno-narrowing -fdiagnostics-show-option -Wno-long-long -pthread -fomit-frame-pointer -msse -msse2 -msse3 -ffunction-sections  -O3 -DNDEBUG   -o CMakeFiles/cmTryCompileExec1564815710.dir/CheckIncludeFile.c.o   -c /home/daniel/projects/opencv/build/CMakeFiles/CMakeTmp/CheckIncludeFile.c
Linking C executable cmTryCompileExec1564815710
/usr/bin/cmake -E cmake_link_script CMakeFiles/cmTryCompileExec1564815710.dir/link.txt --verbose=1
/usr/bin/cc   -I/usr/lib/x86_64-linux-gnu/    -fsigned-char -W -Wall -Werror=return-type -Werror=address -Werror=sequence-point -Wformat -Werror=format-security -Wmissing-declarations -Wmissing-prototypes -Wstrict-prototypes -Wundef -Winit-self -Wpointer-arith -Wshadow -Wno-narrowing -fdiagnostics-show-option -Wno-long-long -pthread -fomit-frame-pointer -msse -msse2 -msse3 -ffunction-sections  -O3 -DNDEBUG    -L/usr/lib/x86_64-linux-gnu/ CMakeFiles/cmTryCompileExec1564815710.dir/CheckIncludeFile.c.o  -o cmTryCompileExec1564815710 -rdynamic 
make[1]: Leaving directory '/home/daniel/projects/opencv/build/CMakeFiles/CMakeTmp'


Determining size of unsigned short passed with the following output:
Change Dir: /home/daniel/projects/opencv/build/CMakeFiles/CMakeTmp

Run Build Command:"/usr/bin/make" "cmTryCompileExec4151737743/fast"
/usr/bin/make -f CMakeFiles/cmTryCompileExec4151737743.dir/build.make CMakeFiles/cmTryCompileExec4151737743.dir/build
make[1]: Entering directory '/home/daniel/projects/opencv/build/CMakeFiles/CMakeTmp'
/usr/bin/cmake -E cmake_progress_report /home/daniel/projects/opencv/build/CMakeFiles/CMakeTmp/CMakeFiles 1
Building C object CMakeFiles/cmTryCompileExec4151737743.dir/CMAKE_SIZEOF_UNSIGNED_SHORT.c.o
/usr/bin/cc   -I/usr/lib/x86_64-linux-gnu/    -fsigned-char -W -Wall -Werror=return-type -Werror=address -Werror=sequence-point -Wformat -Werror=format-security -Wmissing-declarations -Wmissing-prototypes -Wstrict-prototypes -Wundef -Winit-self -Wpointer-arith -Wshadow -Wno-narrowing -fdiagnostics-show-option -Wno-long-long -pthread -fomit-frame-pointer -msse -msse2 -msse3 -ffunction-sections  -O3 -DNDEBUG   -o CMakeFiles/cmTryCompileExec4151737743.dir/CMAKE_SIZEOF_UNSIGNED_SHORT.c.o   -c /home/daniel/projects/opencv/build/CMakeFiles/CheckTypeSize/CMAKE_SIZEOF_UNSIGNED_SHORT.c
Linking C executable cmTryCompileExec4151737743
/usr/bin/cmake -E cmake_link_script CMakeFiles/cmTryCompileExec4151737743.dir/link.txt --verbose=1
/usr/bin/cc   -I/usr/lib/x86_64-linux-gnu/    -fsigned-char -W -Wall -Werror=return-type -Werror=address -Werror=sequence-point -Wformat -Werror=format-security -Wmissing-declarations -Wmissing-prototypes -Wstrict-prototypes -Wundef -Winit-self -Wpointer-arith -Wshadow -Wno-narrowing -fdiagnostics-show-option -Wno-long-long -pthread -fomit-frame-pointer -msse -msse2 -msse3 -ffunction-sections  -O3 -DNDEBUG    -L/usr/lib/x86_64-linux-gnu/ CMakeFiles/cmTryCompileExec4151737743.dir/CMAKE_SIZEOF_UNSIGNED_SHORT.c.o  -o cmTryCompileExec4151737743 -rdynamic 
make[1]: Leaving directory '/home/daniel/projects/opencv/build/CMakeFiles/CMakeTmp'


Determining if the include file /usr/include/libpng/png.h exists passed with the following output:
Change Dir: /home/daniel/projects/opencv/build/CMakeFiles/CMakeTmp

Run Build Command:"/usr/bin/make" "cmTryCompileExec1825762305/fast"
/usr/bin/make -f CMakeFiles/cmTryCompileExec1825762305.dir/build.make CMakeFiles/cmTryCompileExec1825762305.dir/build
make[1]: Entering directory '/home/daniel/projects/opencv/build/CMakeFiles/CMakeTmp'
/usr/bin/cmake -E cmake_progress_report /home/daniel/projects/opencv/build/CMakeFiles/CMakeTmp/CMakeFiles 1
Building C object CMakeFiles/cmTryCompileExec1825762305.dir/CheckIncludeFile.c.o
/usr/bin/cc   -I/usr/lib/x86_64-linux-gnu/    -fsigned-char -W -Wall -Werror=return-type -Werror=address -Werror=sequence-point -Wformat -Werror=format-security -Wmissing-declarations -Wmissing-prototypes -Wstrict-prototypes -Wundef -Winit-self -Wpointer-arith -Wshadow -Wno-narrowing -fdiagnostics-show-option -Wno-long-long -pthread -fomit-frame-pointer -msse -msse2 -msse3 -ffunction-sections  -O3 -DNDEBUG   -o CMakeFiles/cmTryCompileExec1825762305.dir/CheckIncludeFile.c.o   -c /home/daniel/projects/opencv/build/CMakeFiles/CMakeTmp/CheckIncludeFile.c
Linking C executable cmTryCompileExec1825762305
/usr/bin/cmake -E cmake_link_script CMakeFiles/cmTryCompileExec1825762305.dir/link.txt --verbose=1
/usr/bin/cc   -I/usr/lib/x86_64-linux-gnu/    -fsigned-char -W -Wall -Werror=return-type -Werror=address -Werror=sequence-point -Wformat -Werror=format-security -Wmissing-declarations -Wmissing-prototypes -Wstrict-prototypes -Wundef -Winit-self -Wpointer-arith -Wshadow -Wno-narrowing -fdiagnostics-show-option -Wno-long-long -pthread -fomit-frame-pointer -msse -msse2 -msse3 -ffunction-sections  -O3 -DNDEBUG    -L/usr/lib/x86_64-linux-gnu/ CMakeFiles/cmTryCompileExec1825762305.dir/CheckIncludeFile.c.o  -o cmTryCompileExec1825762305 -rdynamic 
make[1]: Leaving directory '/home/daniel/projects/opencv/build/CMakeFiles/CMakeTmp'


Determining if the include file linux/videodev2.h exists passed with the following output:
Change Dir: /home/daniel/projects/opencv/build/CMakeFiles/CMakeTmp

Run Build Command:"/usr/bin/make" "cmTryCompileExec1497802523/fast"
/usr/bin/make -f CMakeFiles/cmTryCompileExec1497802523.dir/build.make CMakeFiles/cmTryCompileExec1497802523.dir/build
make[1]: Entering directory '/home/daniel/projects/opencv/build/CMakeFiles/CMakeTmp'
/usr/bin/cmake -E cmake_progress_report /home/daniel/projects/opencv/build/CMakeFiles/CMakeTmp/CMakeFiles 1
Building C object CMakeFiles/cmTryCompileExec1497802523.dir/CheckIncludeFile.c.o
/usr/bin/cc   -I/usr/lib/x86_64-linux-gnu/    -fsigned-char -W -Wall -Werror=return-type -Werror=address -Werror=sequence-point -Wformat -Werror=format-security -Wmissing-declarations -Wmissing-prototypes -Wstrict-prototypes -Wundef -Winit-self -Wpointer-arith -Wshadow -Wno-narrowing -fdiagnostics-show-option -Wno-long-long -pthread -fomit-frame-pointer -msse -msse2 -msse3 -ffunction-sections  -O3 -DNDEBUG   -o CMakeFiles/cmTryCompileExec1497802523.dir/CheckIncludeFile.c.o   -c /home/daniel/projects/opencv/build/CMakeFiles/CMakeTmp/CheckIncludeFile.c
Linking C executable cmTryCompileExec1497802523
/usr/bin/cmake -E cmake_link_script CMakeFiles/cmTryCompileExec1497802523.dir/link.txt --verbose=1
/usr/bin/cc   -I/usr/lib/x86_64-linux-gnu/    -fsigned-char -W -Wall -Werror=return-type -Werror=address -Werror=sequence-point -Wformat -Werror=format-security -Wmissing-declarations -Wmissing-prototypes -Wstrict-prototypes -Wundef -Winit-self -Wpointer-arith -Wshadow -Wno-narrowing -fdiagnostics-show-option -Wno-long-long -pthread -fomit-frame-pointer -msse -msse2 -msse3 -ffunction-sections  -O3 -DNDEBUG    -L/usr/lib/x86_64-linux-gnu/ CMakeFiles/cmTryCompileExec1497802523.dir/CheckIncludeFile.c.o  -o cmTryCompileExec1497802523 -rdynamic 
make[1]: Leaving directory '/home/daniel/projects/opencv/build/CMakeFiles/CMakeTmp'


Determining if the include file libavformat/avformat.h exists passed with the following output:
Change Dir: /home/daniel/projects/opencv/build/CMakeFiles/CMakeTmp

Run Build Command:"/usr/bin/make" "cmTryCompileExec2238920227/fast"
/usr/bin/make -f CMakeFiles/cmTryCompileExec2238920227.dir/build.make CMakeFiles/cmTryCompileExec2238920227.dir/build
make[1]: Entering directory '/home/daniel/projects/opencv/build/CMakeFiles/CMakeTmp'
/usr/bin/cmake -E cmake_progress_report /home/daniel/projects/opencv/build/CMakeFiles/CMakeTmp/CMakeFiles 1
Building C object CMakeFiles/cmTryCompileExec2238920227.dir/CheckIncludeFile.c.o
/usr/bin/cc   -I/usr/lib/x86_64-linux-gnu/    -fsigned-char -W -Wall -Werror=return-type -Werror=address -Werror=sequence-point -Wformat -Werror=format-security -Wmissing-declarations -Wmissing-prototypes -Wstrict-prototypes -Wundef -Winit-self -Wpointer-arith -Wshadow -Wno-narrowing -fdiagnostics-show-option -Wno-long-long -pthread -fomit-frame-pointer -msse -msse2 -msse3 -ffunction-sections  -O3 -DNDEBUG   -o CMakeFiles/cmTryCompileExec2238920227.dir/CheckIncludeFile.c.o   -c /home/daniel/projects/opencv/build/CMakeFiles/CMakeTmp/CheckIncludeFile.c
Linking C executable cmTryCompileExec2238920227
/usr/bin/cmake -E cmake_link_script CMakeFiles/cmTryCompileExec2238920227.dir/link.txt --verbose=1
/usr/bin/cc   -I/usr/lib/x86_64-linux-gnu/    -fsigned-char -W -Wall -Werror=return-type -Werror=address -Werror=sequence-point -Wformat -Werror=format-security -Wmissing-declarations -Wmissing-prototypes -Wstrict-prototypes -Wundef -Winit-self -Wpointer-arith -Wshadow -Wno-narrowing -fdiagnostics-show-option -Wno-long-long -pthread -fomit-frame-pointer -msse -msse2 -msse3 -ffunction-sections  -O3 -DNDEBUG    -L/usr/lib/x86_64-linux-gnu/ CMakeFiles/cmTryCompileExec2238920227.dir/CheckIncludeFile.c.o  -o cmTryCompileExec2238920227 -rdynamic 
make[1]: Leaving directory '/home/daniel/projects/opencv/build/CMakeFiles/CMakeTmp'


Determining if the include file linux/videodev2.h exists passed with the following output:
Change Dir: /home/daniel/projects/opencv/build/CMakeFiles/CMakeTmp

Run Build Command:"/usr/bin/make" "cmTryCompileExec3790355033/fast"
/usr/bin/make -f CMakeFiles/cmTryCompileExec3790355033.dir/build.make CMakeFiles/cmTryCompileExec3790355033.dir/build
make[1]: Entering directory '/home/daniel/projects/opencv/build/CMakeFiles/CMakeTmp'
/usr/bin/cmake -E cmake_progress_report /home/daniel/projects/opencv/build/CMakeFiles/CMakeTmp/CMakeFiles 1
Building C object CMakeFiles/cmTryCompileExec3790355033.dir/CheckIncludeFile.c.o
/usr/bin/cc   -I/usr/lib/x86_64-linux-gnu/    -fsigned-char -W -Wall -Werror=return-type -Werror=address -Werror=sequence-point -Wformat -Werror=format-security -Wmissing-declarations -Wmissing-prototypes -Wstrict-prototypes -Wundef -Winit-self -Wpointer-arith -Wshadow -Wno-narrowing -fdiagnostics-show-option -Wno-long-long -pthread -fomit-frame-pointer -msse -msse2 -mavx -ffunction-sections  -O3 -DNDEBUG   -o CMakeFiles/cmTryCompileExec3790355033.dir/CheckIncludeFile.c.o   -c /home/daniel/projects/opencv/build/CMakeFiles/CMakeTmp/CheckIncludeFile.c
Linking C executable cmTryCompileExec3790355033
/usr/bin/cmake -E cmake_link_script CMakeFiles/cmTryCompileExec3790355033.dir/link.txt --verbose=1
/usr/bin/cc   -I/usr/lib/x86_64-linux-gnu/    -fsigned-char -W -Wall -Werror=return-type -Werror=address -Werror=sequence-point -Wformat -Werror=format-security -Wmissing-declarations -Wmissing-prototypes -Wstrict-prototypes -Wundef -Winit-self -Wpointer-arith -Wshadow -Wno-narrowing -fdiagnostics-show-option -Wno-long-long -pthread -fomit-frame-pointer -msse -msse2 -mavx -ffunction-sections  -O3 -DNDEBUG    -L/usr/lib/x86_64-linux-gnu/ CMakeFiles/cmTryCompileExec3790355033.dir/CheckIncludeFile.c.o  -o cmTryCompileExec3790355033 -rdynamic 
make[1]: Leaving directory '/home/daniel/projects/opencv/build/CMakeFiles/CMakeTmp'


Determining if the include file libavformat/avformat.h exists passed with the following output:
Change Dir: /home/daniel/projects/opencv/build/CMakeFiles/CMakeTmp

Run Build Command:"/usr/bin/make" "cmTryCompileExec2724034855/fast"
/usr/bin/make -f CMakeFiles/cmTryCompileExec2724034855.dir/build.make CMakeFiles/cmTryCompileExec2724034855.dir/build
make[1]: Entering directory '/home/daniel/projects/opencv/build/CMakeFiles/CMakeTmp'
/usr/bin/cmake -E cmake_progress_report /home/daniel/projects/opencv/build/CMakeFiles/CMakeTmp/CMakeFiles 1
Building C object CMakeFiles/cmTryCompileExec2724034855.dir/CheckIncludeFile.c.o
/usr/bin/cc   -I/usr/lib/x86_64-linux-gnu/    -fsigned-char -W -Wall -Werror=return-type -Werror=address -Werror=sequence-point -Wformat -Werror=format-security -Wmissing-declarations -Wmissing-prototypes -Wstrict-prototypes -Wundef -Winit-self -Wpointer-arith -Wshadow -Wno-narrowing -fdiagnostics-show-option -Wno-long-long -pthread -fomit-frame-pointer -msse -msse2 -mavx -ffunction-sections  -O3 -DNDEBUG   -o CMakeFiles/cmTryCompileExec2724034855.dir/CheckIncludeFile.c.o   -c /home/daniel/projects/opencv/build/CMakeFiles/CMakeTmp/CheckIncludeFile.c
Linking C executable cmTryCompileExec2724034855
/usr/bin/cmake -E cmake_link_script CMakeFiles/cmTryCompileExec2724034855.dir/link.txt --verbose=1
/usr/bin/cc   -I/usr/lib/x86_64-linux-gnu/    -fsigned-char -W -Wall -Werror=return-type -Werror=address -Werror=sequence-point -Wformat -Werror=format-security -Wmissing-declarations -Wmissing-prototypes -Wstrict-prototypes -Wundef -Winit-self -Wpointer-arith -Wshadow -Wno-narrowing -fdiagnostics-show-option -Wno-long-long -pthread -fomit-frame-pointer -msse -msse2 -mavx -ffunction-sections  -O3 -DNDEBUG    -L/usr/lib/x86_64-linux-gnu/ CMakeFiles/cmTryCompileExec2724034855.dir/CheckIncludeFile.c.o  -o cmTryCompileExec2724034855 -rdynamic 
make[1]: Leaving directory '/home/daniel/projects/opencv/build/CMakeFiles/CMakeTmp'


Determining if the include file linux/videodev2.h exists passed with the following output:
Change Dir: /home/daniel/projects/opencv/build/CMakeFiles/CMakeTmp

Run Build Command:"/usr/bin/make" "cmTryCompileExec3571828678/fast"
make[1]: Entering directory '/home/daniel/projects/opencv/build/CMakeFiles/CMakeTmp'
/usr/bin/make -f CMakeFiles/cmTryCompileExec3571828678.dir/build.make CMakeFiles/cmTryCompileExec3571828678.dir/build
make[2]: Entering directory '/home/daniel/projects/opencv/build/CMakeFiles/CMakeTmp'
/usr/bin/cmake -E cmake_progress_report /home/daniel/projects/opencv/build/CMakeFiles/CMakeTmp/CMakeFiles 1
Building C object CMakeFiles/cmTryCompileExec3571828678.dir/CheckIncludeFile.c.o
/usr/bin/cc   -I/usr/lib/x86_64-linux-gnu/    -fsigned-char -W -Wall -Werror=return-type -Werror=address -Werror=sequence-point -Wformat -Werror=format-security -Wmissing-declarations -Wmissing-prototypes -Wstrict-prototypes -Wundef -Winit-self -Wpointer-arith -Wshadow -Wno-narrowing -fdiagnostics-show-option -Wno-long-long -pthread -fomit-frame-pointer -msse -msse2 -mavx -ffunction-sections  -O3 -DNDEBUG   -o CMakeFiles/cmTryCompileExec3571828678.dir/CheckIncludeFile.c.o   -c /home/daniel/projects/opencv/build/CMakeFiles/CMakeTmp/CheckIncludeFile.c
Linking C executable cmTryCompileExec3571828678
/usr/bin/cmake -E cmake_link_script CMakeFiles/cmTryCompileExec3571828678.dir/link.txt --verbose=1
/usr/bin/cc   -I/usr/lib/x86_64-linux-gnu/    -fsigned-char -W -Wall -Werror=return-type -Werror=address -Werror=sequence-point -Wformat -Werror=format-security -Wmissing-declarations -Wmissing-prototypes -Wstrict-prototypes -Wundef -Winit-self -Wpointer-arith -Wshadow -Wno-narrowing -fdiagnostics-show-option -Wno-long-long -pthread -fomit-frame-pointer -msse -msse2 -mavx -ffunction-sections  -O3 -DNDEBUG    -L/usr/lib/x86_64-linux-gnu/ CMakeFiles/cmTryCompileExec3571828678.dir/CheckIncludeFile.c.o  -o cmTryCompileExec3571828678 -rdynamic 
make[2]: Leaving directory '/home/daniel/projects/opencv/build/CMakeFiles/CMakeTmp'
make[1]: Leaving directory '/home/daniel/projects/opencv/build/CMakeFiles/CMakeTmp'


Determining if the include file libavformat/avformat.h exists passed with the following output:
Change Dir: /home/daniel/projects/opencv/build/CMakeFiles/CMakeTmp

Run Build Command:"/usr/bin/make" "cmTryCompileExec2206473970/fast"
make[1]: Entering directory '/home/daniel/projects/opencv/build/CMakeFiles/CMakeTmp'
/usr/bin/make -f CMakeFiles/cmTryCompileExec2206473970.dir/build.make CMakeFiles/cmTryCompileExec2206473970.dir/build
make[2]: Entering directory '/home/daniel/projects/opencv/build/CMakeFiles/CMakeTmp'
/usr/bin/cmake -E cmake_progress_report /home/daniel/projects/opencv/build/CMakeFiles/CMakeTmp/CMakeFiles 1
Building C object CMakeFiles/cmTryCompileExec2206473970.dir/CheckIncludeFile.c.o
/usr/bin/cc   -I/usr/lib/x86_64-linux-gnu/    -fsigned-char -W -Wall -Werror=return-type -Werror=address -Werror=sequence-point -Wformat -Werror=format-security -Wmissing-declarations -Wmissing-prototypes -Wstrict-prototypes -Wundef -Winit-self -Wpointer-arith -Wshadow -Wno-narrowing -fdiagnostics-show-option -Wno-long-long -pthread -fomit-frame-pointer -msse -msse2 -mavx -ffunction-sections  -O3 -DNDEBUG   -o CMakeFiles/cmTryCompileExec2206473970.dir/CheckIncludeFile.c.o   -c /home/daniel/projects/opencv/build/CMakeFiles/CMakeTmp/CheckIncludeFile.c
Linking C executable cmTryCompileExec2206473970
/usr/bin/cmake -E cmake_link_script CMakeFiles/cmTryCompileExec2206473970.dir/link.txt --verbose=1
/usr/bin/cc   -I/usr/lib/x86_64-linux-gnu/    -fsigned-char -W -Wall -Werror=return-type -Werror=address -Werror=sequence-point -Wformat -Werror=format-security -Wmissing-declarations -Wmissing-prototypes -Wstrict-prototypes -Wundef -Winit-self -Wpointer-arith -Wshadow -Wno-narrowing -fdiagnostics-show-option -Wno-long-long -pthread -fomit-frame-pointer -msse -msse2 -mavx -ffunction-sections  -O3 -DNDEBUG    -L/usr/lib/x86_64-linux-gnu/ CMakeFiles/cmTryCompileExec2206473970.dir/CheckIncludeFile.c.o  -o cmTryCompileExec2206473970 -rdynamic 
make[2]: Leaving directory '/home/daniel/projects/opencv/build/CMakeFiles/CMakeTmp'
make[1]: Leaving directory '/home/daniel/projects/opencv/build/CMakeFiles/CMakeTmp'


Determining if the include file linux/videodev2.h exists passed with the following output:
Change Dir: /home/daniel/projects/opencv/build/CMakeFiles/CMakeTmp

Run Build Command:"/usr/bin/make" "cmTryCompileExec728277723/fast"
/usr/bin/make -f CMakeFiles/cmTryCompileExec728277723.dir/build.make CMakeFiles/cmTryCompileExec728277723.dir/build
make[1]: Entering directory '/home/daniel/projects/opencv/build/CMakeFiles/CMakeTmp'
/usr/bin/cmake -E cmake_progress_report /home/daniel/projects/opencv/build/CMakeFiles/CMakeTmp/CMakeFiles 1
Building C object CMakeFiles/cmTryCompileExec728277723.dir/CheckIncludeFile.c.o
/usr/bin/cc   -I/usr/lib/x86_64-linux-gnu/    -fsigned-char -W -Wall -Werror=return-type -Werror=non-virtual-dtor -Werror=address -Werror=sequence-point -Wformat -Werror=format-security -Wmissing-declarations -Wmissing-prototypes -Wstrict-prototypes -Wundef -Winit-self -Wpointer-arith -Wshadow -Wno-narrowing -fdiagnostics-show-option -Wno-long-long -pthread -fomit-frame-pointer -msse -msse2 -mavx -mavx2 -mfma -ffunction-sections -fvisibility=hidden  -O3 -DNDEBUG   -o CMakeFiles/cmTryCompileExec728277723.dir/CheckIncludeFile.c.o   -c /home/daniel/projects/opencv/build/CMakeFiles/CMakeTmp/CheckIncludeFile.c
Linking C executable cmTryCompileExec728277723
/usr/bin/cmake -E cmake_link_script CMakeFiles/cmTryCompileExec728277723.dir/link.txt --verbose=1
/usr/bin/cc   -I/usr/lib/x86_64-linux-gnu/    -fsigned-char -W -Wall -Werror=return-type -Werror=non-virtual-dtor -Werror=address -Werror=sequence-point -Wformat -Werror=format-security -Wmissing-declarations -Wmissing-prototypes -Wstrict-prototypes -Wundef -Winit-self -Wpointer-arith -Wshadow -Wno-narrowing -fdiagnostics-show-option -Wno-long-long -pthread -fomit-frame-pointer -msse -msse2 -mavx -mavx2 -mfma -ffunction-sections -fvisibility=hidden  -O3 -DNDEBUG    -L/usr/lib/x86_64-linux-gnu/ CMakeFiles/cmTryCompileExec728277723.dir/CheckIncludeFile.c.o  -o cmTryCompileExec728277723 -rdynamic 
make[1]: Leaving directory '/home/daniel/projects/opencv/build/CMakeFiles/CMakeTmp'


Determining if the include file libavformat/avformat.h exists passed with the following output:
Change Dir: /home/daniel/projects/opencv/build/CMakeFiles/CMakeTmp

Run Build Command:"/usr/bin/make" "cmTryCompileExec3823282226/fast"
/usr/bin/make -f CMakeFiles/cmTryCompileExec3823282226.dir/build.make CMakeFiles/cmTryCompileExec3823282226.dir/build
make[1]: Entering directory '/home/daniel/projects/opencv/build/CMakeFiles/CMakeTmp'
/usr/bin/cmake -E cmake_progress_report /home/daniel/projects/opencv/build/CMakeFiles/CMakeTmp/CMakeFiles 1
Building C object CMakeFiles/cmTryCompileExec3823282226.dir/CheckIncludeFile.c.o
/usr/bin/cc   -I/usr/lib/x86_64-linux-gnu/    -fsigned-char -W -Wall -Werror=return-type -Werror=non-virtual-dtor -Werror=address -Werror=sequence-point -Wformat -Werror=format-security -Wmissing-declarations -Wmissing-prototypes -Wstrict-prototypes -Wundef -Winit-self -Wpointer-arith -Wshadow -Wno-narrowing -fdiagnostics-show-option -Wno-long-long -pthread -fomit-frame-pointer -msse -msse2 -mavx -mavx2 -mfma -ffunction-sections -fvisibility=hidden  -O3 -DNDEBUG   -o CMakeFiles/cmTryCompileExec3823282226.dir/CheckIncludeFile.c.o   -c /home/daniel/projects/opencv/build/CMakeFiles/CMakeTmp/CheckIncludeFile.c
Linking C executable cmTryCompileExec3823282226
/usr/bin/cmake -E cmake_link_script CMakeFiles/cmTryCompileExec3823282226.dir/link.txt --verbose=1
/usr/bin/cc   -I/usr/lib/x86_64-linux-gnu/    -fsigned-char -W -Wall -Werror=return-type -Werror=non-virtual-dtor -Werror=address -Werror=sequence-point -Wformat -Werror=format-security -Wmissing-declarations -Wmissing-prototypes -Wstrict-prototypes -Wundef -Winit-self -Wpointer-arith -Wshadow -Wno-narrowing -fdiagnostics-show-option -Wno-long-long -pthread -fomit-frame-pointer -msse -msse2 -mavx -mavx2 -mfma -ffunction-sections -fvisibility=hidden  -O3 -DNDEBUG    -L/usr/lib/x86_64-linux-gnu/ CMakeFiles/cmTryCompileExec3823282226.dir/CheckIncludeFile.c.o  -o cmTryCompileExec3823282226 -rdynamic 
make[1]: Leaving directory '/home/daniel/projects/opencv/build/CMakeFiles/CMakeTmp'


Determining if the include file linux/videodev2.h exists passed with the following output:
Change Dir: /home/daniel/projects/opencv/build/CMakeFiles/CMakeTmp

Run Build Command:"/usr/bin/make" "cmTryCompileExec3579825894/fast"
/usr/bin/make -f CMakeFiles/cmTryCompileExec3579825894.dir/build.make CMakeFiles/cmTryCompileExec3579825894.dir/build
make[1]: Entering directory '/home/daniel/projects/opencv/build/CMakeFiles/CMakeTmp'
/usr/bin/cmake -E cmake_progress_report /home/daniel/projects/opencv/build/CMakeFiles/CMakeTmp/CMakeFiles 1
Building C object CMakeFiles/cmTryCompileExec3579825894.dir/CheckIncludeFile.c.o
/usr/bin/cc   -I/usr/lib/x86_64-linux-gnu/    -fsigned-char -W -Wall -Werror=return-type -Werror=non-virtual-dtor -Werror=address -Werror=sequence-point -Wformat -Werror=format-security -Wmissing-declarations -Wmissing-prototypes -Wstrict-prototypes -Wundef -Winit-self -Wpointer-arith -Wshadow -Wno-narrowing -fdiagnostics-show-option -Wno-long-long -pthread -fomit-frame-pointer -msse -msse2 -mavx -mavx2 -mfma -ffunction-sections -fvisibility=hidden  -O3 -DNDEBUG   -o CMakeFiles/cmTryCompileExec3579825894.dir/CheckIncludeFile.c.o   -c /home/daniel/projects/opencv/build/CMakeFiles/CMakeTmp/CheckIncludeFile.c
Linking C executable cmTryCompileExec3579825894
/usr/bin/cmake -E cmake_link_script CMakeFiles/cmTryCompileExec3579825894.dir/link.txt --verbose=1
/usr/bin/cc   -I/usr/lib/x86_64-linux-gnu/    -fsigned-char -W -Wall -Werror=return-type -Werror=non-virtual-dtor -Werror=address -Werror=sequence-point -Wformat -Werror=format-security -Wmissing-declarations -Wmissing-prototypes -Wstrict-prototypes -Wundef -Winit-self -Wpointer-arith -Wshadow -Wno-narrowing -fdiagnostics-show-option -Wno-long-long -pthread -fomit-frame-pointer -msse -msse2 -mavx -mavx2 -mfma -ffunction-sections -fvisibility=hidden  -O3 -DNDEBUG    -L/usr/lib/x86_64-linux-gnu/ CMakeFiles/cmTryCompileExec3579825894.dir/CheckIncludeFile.c.o  -o cmTryCompileExec3579825894 -rdynamic 
make[1]: Leaving directory '/home/daniel/projects/opencv/build/CMakeFiles/CMakeTmp'


Determining if the include file libavformat/avformat.h exists passed with the following output:
Change Dir: /home/daniel/projects/opencv/build/CMakeFiles/CMakeTmp

Run Build Command:"/usr/bin/make" "cmTryCompileExec2551127361/fast"
/usr/bin/make -f CMakeFiles/cmTryCompileExec2551127361.dir/build.make CMakeFiles/cmTryCompileExec2551127361.dir/build
make[1]: Entering directory '/home/daniel/projects/opencv/build/CMakeFiles/CMakeTmp'
/usr/bin/cmake -E cmake_progress_report /home/daniel/projects/opencv/build/CMakeFiles/CMakeTmp/CMakeFiles 1
Building C object CMakeFiles/cmTryCompileExec2551127361.dir/CheckIncludeFile.c.o
/usr/bin/cc   -I/usr/lib/x86_64-linux-gnu/    -fsigned-char -W -Wall -Werror=return-type -Werror=non-virtual-dtor -Werror=address -Werror=sequence-point -Wformat -Werror=format-security -Wmissing-declarations -Wmissing-prototypes -Wstrict-prototypes -Wundef -Winit-self -Wpointer-arith -Wshadow -Wno-narrowing -fdiagnostics-show-option -Wno-long-long -pthread -fomit-frame-pointer -msse -msse2 -mavx -mavx2 -mfma -ffunction-sections -fvisibility=hidden  -O3 -DNDEBUG   -o CMakeFiles/cmTryCompileExec2551127361.dir/CheckIncludeFile.c.o   -c /home/daniel/projects/opencv/build/CMakeFiles/CMakeTmp/CheckIncludeFile.c
Linking C executable cmTryCompileExec2551127361
/usr/bin/cmake -E cmake_link_script CMakeFiles/cmTryCompileExec2551127361.dir/link.txt --verbose=1
/usr/bin/cc   -I/usr/lib/x86_64-linux-gnu/    -fsigned-char -W -Wall -Werror=return-type -Werror=non-virtual-dtor -Werror=address -Werror=sequence-point -Wformat -Werror=format-security -Wmissing-declarations -Wmissing-prototypes -Wstrict-prototypes -Wundef -Winit-self -Wpointer-arith -Wshadow -Wno-narrowing -fdiagnostics-show-option -Wno-long-long -pthread -fomit-frame-pointer -msse -msse2 -mavx -mavx2 -mfma -ffunction-sections -fvisibility=hidden  -O3 -DNDEBUG    -L/usr/lib/x86_64-linux-gnu/ CMakeFiles/cmTryCompileExec2551127361.dir/CheckIncludeFile.c.o  -o cmTryCompileExec2551127361 -rdynamic 
make[1]: Leaving directory '/home/daniel/projects/opencv/build/CMakeFiles/CMakeTmp'


Determining if the include file linux/videodev2.h exists passed with the following output:
Change Dir: /home/daniel/projects/opencv/build/CMakeFiles/CMakeTmp

Run Build Command:"/usr/bin/make" "cmTryCompileExec1608849776/fast"
make[1]: Entering directory '/home/daniel/projects/opencv/build/CMakeFiles/CMakeTmp'
/usr/bin/make -f CMakeFiles/cmTryCompileExec1608849776.dir/build.make CMakeFiles/cmTryCompileExec1608849776.dir/build
make[2]: Entering directory '/home/daniel/projects/opencv/build/CMakeFiles/CMakeTmp'
/usr/bin/cmake -E cmake_progress_report /home/daniel/projects/opencv/build/CMakeFiles/CMakeTmp/CMakeFiles 1
Building C object CMakeFiles/cmTryCompileExec1608849776.dir/CheckIncludeFile.c.o
/usr/bin/cc   -I/usr/lib/x86_64-linux-gnu/    -fsigned-char -W -Wall -Werror=return-type -Werror=non-virtual-dtor -Werror=address -Werror=sequence-point -Wformat -Werror=format-security -Wmissing-declarations -Wmissing-prototypes -Wstrict-prototypes -Wundef -Winit-self -Wpointer-arith -Wshadow -Wno-narrowing -fdiagnostics-show-option -Wno-long-long -pthread -fomit-frame-pointer -msse -msse2 -mavx -mavx2 -mfma -ffunction-sections -fvisibility=hidden  -O3 -DNDEBUG   -o CMakeFiles/cmTryCompileExec1608849776.dir/CheckIncludeFile.c.o   -c /home/daniel/projects/opencv/build/CMakeFiles/CMakeTmp/CheckIncludeFile.c
Linking C executable cmTryCompileExec1608849776
/usr/bin/cmake -E cmake_link_script CMakeFiles/cmTryCompileExec1608849776.dir/link.txt --verbose=1
/usr/bin/cc   -I/usr/lib/x86_64-linux-gnu/    -fsigned-char -W -Wall -Werror=return-type -Werror=non-virtual-dtor -Werror=address -Werror=sequence-point -Wformat -Werror=format-security -Wmissing-declarations -Wmissing-prototypes -Wstrict-prototypes -Wundef -Winit-self -Wpointer-arith -Wshadow -Wno-narrowing -fdiagnostics-show-option -Wno-long-long -pthread -fomit-frame-pointer -msse -msse2 -mavx -mavx2 -mfma -ffunction-sections -fvisibility=hidden  -O3 -DNDEBUG    -L/usr/lib/x86_64-linux-gnu/ CMakeFiles/cmTryCompileExec1608849776.dir/CheckIncludeFile.c.o  -o cmTryCompileExec1608849776 -rdynamic 
make[2]: Leaving directory '/home/daniel/projects/opencv/build/CMakeFiles/CMakeTmp'
make[1]: Leaving directory '/home/daniel/projects/opencv/build/CMakeFiles/CMakeTmp'


Determining if the include file libavformat/avformat.h exists passed with the following output:
Change Dir: /home/daniel/projects/opencv/build/CMakeFiles/CMakeTmp

Run Build Command:"/usr/bin/make" "cmTryCompileExec2195040808/fast"
make[1]: Entering directory '/home/daniel/projects/opencv/build/CMakeFiles/CMakeTmp'
/usr/bin/make -f CMakeFiles/cmTryCompileExec2195040808.dir/build.make CMakeFiles/cmTryCompileExec2195040808.dir/build
make[2]: Entering directory '/home/daniel/projects/opencv/build/CMakeFiles/CMakeTmp'
/usr/bin/cmake -E cmake_progress_report /home/daniel/projects/opencv/build/CMakeFiles/CMakeTmp/CMakeFiles 1
Building C object CMakeFiles/cmTryCompileExec2195040808.dir/CheckIncludeFile.c.o
/usr/bin/cc   -I/usr/lib/x86_64-linux-gnu/    -fsigned-char -W -Wall -Werror=return-type -Werror=non-virtual-dtor -Werror=address -Werror=sequence-point -Wformat -Werror=format-security -Wmissing-declarations -Wmissing-prototypes -Wstrict-prototypes -Wundef -Winit-self -Wpointer-arith -Wshadow -Wno-narrowing -fdiagnostics-show-option -Wno-long-long -pthread -fomit-frame-pointer -msse -msse2 -mavx -mavx2 -mfma -ffunction-sections -fvisibility=hidden  -O3 -DNDEBUG   -o CMakeFiles/cmTryCompileExec2195040808.dir/CheckIncludeFile.c.o   -c /home/daniel/projects/opencv/build/CMakeFiles/CMakeTmp/CheckIncludeFile.c
Linking C executable cmTryCompileExec2195040808
/usr/bin/cmake -E cmake_link_script CMakeFiles/cmTryCompileExec2195040808.dir/link.txt --verbose=1
/usr/bin/cc   -I/usr/lib/x86_64-linux-gnu/    -fsigned-char -W -Wall -Werror=return-type -Werror=non-virtual-dtor -Werror=address -Werror=sequence-point -Wformat -Werror=format-security -Wmissing-declarations -Wmissing-prototypes -Wstrict-prototypes -Wundef -Winit-self -Wpointer-arith -Wshadow -Wno-narrowing -fdiagnostics-show-option -Wno-long-long -pthread -fomit-frame-pointer -msse -msse2 -mavx -mavx2 -mfma -ffunction-sections -fvisibility=hidden  -O3 -DNDEBUG    -L/usr/lib/x86_64-linux-gnu/ CMakeFiles/cmTryCompileExec2195040808.dir/CheckIncludeFile.c.o  -o cmTryCompileExec2195040808 -rdynamic 
make[2]: Leaving directory '/home/daniel/projects/opencv/build/CMakeFiles/CMakeTmp'
make[1]: Leaving directory '/home/daniel/projects/opencv/build/CMakeFiles/CMakeTmp'


Determining if the include file linux/videodev2.h exists passed with the following output:
Change Dir: /home/daniel/projects/opencv/build/CMakeFiles/CMakeTmp

Run Build Command:"/usr/bin/make" "cmTryCompileExec1779350508/fast"
/usr/bin/make -f CMakeFiles/cmTryCompileExec1779350508.dir/build.make CMakeFiles/cmTryCompileExec1779350508.dir/build
make[1]: Entering directory '/home/daniel/projects/opencv/build/CMakeFiles/CMakeTmp'
/usr/bin/cmake -E cmake_progress_report /home/daniel/projects/opencv/build/CMakeFiles/CMakeTmp/CMakeFiles 1
Building C object CMakeFiles/cmTryCompileExec1779350508.dir/CheckIncludeFile.c.o
/usr/bin/cc   -I/usr/lib/x86_64-linux-gnu/    -fsigned-char -W -Wall -Werror=return-type -Werror=non-virtual-dtor -Werror=address -Werror=sequence-point -Wformat -Werror=format-security -Wmissing-declarations -Wmissing-prototypes -Wstrict-prototypes -Wundef -Winit-self -Wpointer-arith -Wshadow -Wno-narrowing -fdiagnostics-show-option -Wno-long-long -pthread -fomit-frame-pointer -msse -msse2 -mavx -mavx2 -mfma -ffunction-sections -fvisibility=hidden  -O3 -DNDEBUG   -o CMakeFiles/cmTryCompileExec1779350508.dir/CheckIncludeFile.c.o   -c /home/daniel/projects/opencv/build/CMakeFiles/CMakeTmp/CheckIncludeFile.c
Linking C executable cmTryCompileExec1779350508
/usr/bin/cmake -E cmake_link_script CMakeFiles/cmTryCompileExec1779350508.dir/link.txt --verbose=1
/usr/bin/cc   -I/usr/lib/x86_64-linux-gnu/    -fsigned-char -W -Wall -Werror=return-type -Werror=non-virtual-dtor -Werror=address -Werror=sequence-point -Wformat -Werror=format-security -Wmissing-declarations -Wmissing-prototypes -Wstrict-prototypes -Wundef -Winit-self -Wpointer-arith -Wshadow -Wno-narrowing -fdiagnostics-show-option -Wno-long-long -pthread -fomit-frame-pointer -msse -msse2 -mavx -mavx2 -mfma -ffunction-sections -fvisibility=hidden  -O3 -DNDEBUG    -L/usr/lib/x86_64-linux-gnu/ CMakeFiles/cmTryCompileExec1779350508.dir/CheckIncludeFile.c.o  -o cmTryCompileExec1779350508 -rdynamic 
make[1]: Leaving directory '/home/daniel/projects/opencv/build/CMakeFiles/CMakeTmp'


Determining if the include file libavformat/avformat.h exists passed with the following output:
Change Dir: /home/daniel/projects/opencv/build/CMakeFiles/CMakeTmp

Run Build Command:"/usr/bin/make" "cmTryCompileExec379488135/fast"
/usr/bin/make -f CMakeFiles/cmTryCompileExec379488135.dir/build.make CMakeFiles/cmTryCompileExec379488135.dir/build
make[1]: Entering directory '/home/daniel/projects/opencv/build/CMakeFiles/CMakeTmp'
/usr/bin/cmake -E cmake_progress_report /home/daniel/projects/opencv/build/CMakeFiles/CMakeTmp/CMakeFiles 1
Building C object CMakeFiles/cmTryCompileExec379488135.dir/CheckIncludeFile.c.o
/usr/bin/cc   -I/usr/lib/x86_64-linux-gnu/    -fsigned-char -W -Wall -Werror=return-type -Werror=non-virtual-dtor -Werror=address -Werror=sequence-point -Wformat -Werror=format-security -Wmissing-declarations -Wmissing-prototypes -Wstrict-prototypes -Wundef -Winit-self -Wpointer-arith -Wshadow -Wno-narrowing -fdiagnostics-show-option -Wno-long-long -pthread -fomit-frame-pointer -msse -msse2 -mavx -mavx2 -mfma -ffunction-sections -fvisibility=hidden  -O3 -DNDEBUG   -o CMakeFiles/cmTryCompileExec379488135.dir/CheckIncludeFile.c.o   -c /home/daniel/projects/opencv/build/CMakeFiles/CMakeTmp/CheckIncludeFile.c
Linking C executable cmTryCompileExec379488135
/usr/bin/cmake -E cmake_link_script CMakeFiles/cmTryCompileExec379488135.dir/link.txt --verbose=1
/usr/bin/cc   -I/usr/lib/x86_64-linux-gnu/    -fsigned-char -W -Wall -Werror=return-type -Werror=non-virtual-dtor -Werror=address -Werror=sequence-point -Wformat -Werror=format-security -Wmissing-declarations -Wmissing-prototypes -Wstrict-prototypes -Wundef -Winit-self -Wpointer-arith -Wshadow -Wno-narrowing -fdiagnostics-show-option -Wno-long-long -pthread -fomit-frame-pointer -msse -msse2 -mavx -mavx2 -mfma -ffunction-sections -fvisibility=hidden  -O3 -DNDEBUG    -L/usr/lib/x86_64-linux-gnu/ CMakeFiles/cmTryCompileExec379488135.dir/CheckIncludeFile.c.o  -o cmTryCompileExec379488135 -rdynamic 
make[1]: Leaving directory '/home/daniel/projects/opencv/build/CMakeFiles/CMakeTmp'


Determining if the include file linux/videodev2.h exists passed with the following output:
Change Dir: /home/daniel/projects/opencv/build/CMakeFiles/CMakeTmp

Run Build Command:"/usr/bin/make" "cmTryCompileExec2661554095/fast"
/usr/bin/make -f CMakeFiles/cmTryCompileExec2661554095.dir/build.make CMakeFiles/cmTryCompileExec2661554095.dir/build
make[1]: Entering directory '/home/daniel/projects/opencv/build/CMakeFiles/CMakeTmp'
/usr/bin/cmake -E cmake_progress_report /home/daniel/projects/opencv/build/CMakeFiles/CMakeTmp/CMakeFiles 1
Building C object CMakeFiles/cmTryCompileExec2661554095.dir/CheckIncludeFile.c.o
/usr/bin/cc   -I/usr/lib/x86_64-linux-gnu/    -fsigned-char -W -Wall -Werror=return-type -Werror=non-virtual-dtor -Werror=address -Werror=sequence-point -Wformat -Werror=format-security -Wmissing-declarations -Wmissing-prototypes -Wstrict-prototypes -Wundef -Winit-self -Wpointer-arith -Wshadow -Wno-narrowing -fdiagnostics-show-option -Wno-long-long -pthread -fomit-frame-pointer -msse -msse2 -mavx -mavx2 -mfma -ffunction-sections -fvisibility=hidden  -O3 -DNDEBUG   -o CMakeFiles/cmTryCompileExec2661554095.dir/CheckIncludeFile.c.o   -c /home/daniel/projects/opencv/build/CMakeFiles/CMakeTmp/CheckIncludeFile.c
Linking C executable cmTryCompileExec2661554095
/usr/bin/cmake -E cmake_link_script CMakeFiles/cmTryCompileExec2661554095.dir/link.txt --verbose=1
/usr/bin/cc   -I/usr/lib/x86_64-linux-gnu/    -fsigned-char -W -Wall -Werror=return-type -Werror=non-virtual-dtor -Werror=address -Werror=sequence-point -Wformat -Werror=format-security -Wmissing-declarations -Wmissing-prototypes -Wstrict-prototypes -Wundef -Winit-self -Wpointer-arith -Wshadow -Wno-narrowing -fdiagnostics-show-option -Wno-long-long -pthread -fomit-frame-pointer -msse -msse2 -mavx -mavx2 -mfma -ffunction-sections -fvisibility=hidden  -O3 -DNDEBUG    -L/usr/lib/x86_64-linux-gnu/ CMakeFiles/cmTryCompileExec2661554095.dir/CheckIncludeFile.c.o  -o cmTryCompileExec2661554095 -rdynamic 
make[1]: Leaving directory '/home/daniel/projects/opencv/build/CMakeFiles/CMakeTmp'


Determining if the include file libavformat/avformat.h exists passed with the following output:
Change Dir: /home/daniel/projects/opencv/build/CMakeFiles/CMakeTmp

Run Build Command:"/usr/bin/make" "cmTryCompileExec311527923/fast"
/usr/bin/make -f CMakeFiles/cmTryCompileExec311527923.dir/build.make CMakeFiles/cmTryCompileExec311527923.dir/build
make[1]: Entering directory '/home/daniel/projects/opencv/build/CMakeFiles/CMakeTmp'
/usr/bin/cmake -E cmake_progress_report /home/daniel/projects/opencv/build/CMakeFiles/CMakeTmp/CMakeFiles 1
Building C object CMakeFiles/cmTryCompileExec311527923.dir/CheckIncludeFile.c.o
/usr/bin/cc   -I/usr/lib/x86_64-linux-gnu/    -fsigned-char -W -Wall -Werror=return-type -Werror=non-virtual-dtor -Werror=address -Werror=sequence-point -Wformat -Werror=format-security -Wmissing-declarations -Wmissing-prototypes -Wstrict-prototypes -Wundef -Winit-self -Wpointer-arith -Wshadow -Wno-narrowing -fdiagnostics-show-option -Wno-long-long -pthread -fomit-frame-pointer -msse -msse2 -mavx -mavx2 -mfma -ffunction-sections -fvisibility=hidden  -O3 -DNDEBUG   -o CMakeFiles/cmTryCompileExec311527923.dir/CheckIncludeFile.c.o   -c /home/daniel/projects/opencv/build/CMakeFiles/CMakeTmp/CheckIncludeFile.c
Linking C executable cmTryCompileExec311527923
/usr/bin/cmake -E cmake_link_script CMakeFiles/cmTryCompileExec311527923.dir/link.txt --verbose=1
/usr/bin/cc   -I/usr/lib/x86_64-linux-gnu/    -fsigned-char -W -Wall -Werror=return-type -Werror=non-virtual-dtor -Werror=address -Werror=sequence-point -Wformat -Werror=format-security -Wmissing-declarations -Wmissing-prototypes -Wstrict-prototypes -Wundef -Winit-self -Wpointer-arith -Wshadow -Wno-narrowing -fdiagnostics-show-option -Wno-long-long -pthread -fomit-frame-pointer -msse -msse2 -mavx -mavx2 -mfma -ffunction-sections -fvisibility=hidden  -O3 -DNDEBUG    -L/usr/lib/x86_64-linux-gnu/ CMakeFiles/cmTryCompileExec311527923.dir/CheckIncludeFile.c.o  -o cmTryCompileExec311527923 -rdynamic 
make[1]: Leaving directory '/home/daniel/projects/opencv/build/CMakeFiles/CMakeTmp'


Determining if the include file linux/videodev2.h exists passed with the following output:
Change Dir: /home/daniel/projects/opencv/build/CMakeFiles/CMakeTmp

Run Build Command:"/usr/bin/make" "cmTryCompileExec3093931646/fast"
/usr/bin/make -f CMakeFiles/cmTryCompileExec3093931646.dir/build.make CMakeFiles/cmTryCompileExec3093931646.dir/build
make[1]: Entering directory '/home/daniel/projects/opencv/build/CMakeFiles/CMakeTmp'
/usr/bin/cmake -E cmake_progress_report /home/daniel/projects/opencv/build/CMakeFiles/CMakeTmp/CMakeFiles 1
Building C object CMakeFiles/cmTryCompileExec3093931646.dir/CheckIncludeFile.c.o
/usr/bin/cc   -I/usr/lib/x86_64-linux-gnu/    -fsigned-char -W -Wall -Werror=return-type -Werror=non-virtual-dtor -Werror=address -Werror=sequence-point -Wformat -Werror=format-security -Wmissing-declarations -Wmissing-prototypes -Wstrict-prototypes -Wundef -Winit-self -Wpointer-arith -Wshadow -Wno-narrowing -fdiagnostics-show-option -Wno-long-long -pthread -fomit-frame-pointer -msse -msse2 -mavx -mavx2 -mfma -ffunction-sections -fvisibility=hidden  -O3 -DNDEBUG   -o CMakeFiles/cmTryCompileExec3093931646.dir/CheckIncludeFile.c.o   -c /home/daniel/projects/opencv/build/CMakeFiles/CMakeTmp/CheckIncludeFile.c
Linking C executable cmTryCompileExec3093931646
/usr/bin/cmake -E cmake_link_script CMakeFiles/cmTryCompileExec3093931646.dir/link.txt --verbose=1
/usr/bin/cc   -I/usr/lib/x86_64-linux-gnu/    -fsigned-char -W -Wall -Werror=return-type -Werror=non-virtual-dtor -Werror=address -Werror=sequence-point -Wformat -Werror=format-security -Wmissing-declarations -Wmissing-prototypes -Wstrict-prototypes -Wundef -Winit-self -Wpointer-arith -Wshadow -Wno-narrowing -fdiagnostics-show-option -Wno-long-long -pthread -fomit-frame-pointer -msse -msse2 -mavx -mavx2 -mfma -ffunction-sections -fvisibility=hidden  -O3 -DNDEBUG    -L/usr/lib/x86_64-linux-gnu/ CMakeFiles/cmTryCompileExec3093931646.dir/CheckIncludeFile.c.o  -o cmTryCompileExec3093931646 -rdynamic 
make[1]: Leaving directory '/home/daniel/projects/opencv/build/CMakeFiles/CMakeTmp'


Determining if the include file libavformat/avformat.h exists passed with the following output:
Change Dir: /home/daniel/projects/opencv/build/CMakeFiles/CMakeTmp

Run Build Command:"/usr/bin/make" "cmTryCompileExec2896221282/fast"
/usr/bin/make -f CMakeFiles/cmTryCompileExec2896221282.dir/build.make CMakeFiles/cmTryCompileExec2896221282.dir/build
make[1]: Entering directory '/home/daniel/projects/opencv/build/CMakeFiles/CMakeTmp'
/usr/bin/cmake -E cmake_progress_report /home/daniel/projects/opencv/build/CMakeFiles/CMakeTmp/CMakeFiles 1
Building C object CMakeFiles/cmTryCompileExec2896221282.dir/CheckIncludeFile.c.o
/usr/bin/cc   -I/usr/lib/x86_64-linux-gnu/    -fsigned-char -W -Wall -Werror=return-type -Werror=non-virtual-dtor -Werror=address -Werror=sequence-point -Wformat -Werror=format-security -Wmissing-declarations -Wmissing-prototypes -Wstrict-prototypes -Wundef -Winit-self -Wpointer-arith -Wshadow -Wno-narrowing -fdiagnostics-show-option -Wno-long-long -pthread -fomit-frame-pointer -msse -msse2 -mavx -mavx2 -mfma -ffunction-sections -fvisibility=hidden  -O3 -DNDEBUG   -o CMakeFiles/cmTryCompileExec2896221282.dir/CheckIncludeFile.c.o   -c /home/daniel/projects/opencv/build/CMakeFiles/CMakeTmp/CheckIncludeFile.c
Linking C executable cmTryCompileExec2896221282
/usr/bin/cmake -E cmake_link_script CMakeFiles/cmTryCompileExec2896221282.dir/link.txt --verbose=1
/usr/bin/cc   -I/usr/lib/x86_64-linux-gnu/    -fsigned-char -W -Wall -Werror=return-type -Werror=non-virtual-dtor -Werror=address -Werror=sequence-point -Wformat -Werror=format-security -Wmissing-declarations -Wmissing-prototypes -Wstrict-prototypes -Wundef -Winit-self -Wpointer-arith -Wshadow -Wno-narrowing -fdiagnostics-show-option -Wno-long-long -pthread -fomit-frame-pointer -msse -msse2 -mavx -mavx2 -mfma -ffunction-sections -fvisibility=hidden  -O3 -DNDEBUG    -L/usr/lib/x86_64-linux-gnu/ CMakeFiles/cmTryCompileExec2896221282.dir/CheckIncludeFile.c.o  -o cmTryCompileExec2896221282 -rdynamic 
make[1]: Leaving directory '/home/daniel/projects/opencv/build/CMakeFiles/CMakeTmp'


Determining if the include file linux/videodev2.h exists passed with the following output:
Change Dir: /home/daniel/projects/opencv/build/CMakeFiles/CMakeTmp

Run Build Command:"/usr/bin/make" "cmTryCompileExec950232727/fast"
/usr/bin/make -f CMakeFiles/cmTryCompileExec950232727.dir/build.make CMakeFiles/cmTryCompileExec950232727.dir/build
make[1]: Entering directory '/home/daniel/projects/opencv/build/CMakeFiles/CMakeTmp'
/usr/bin/cmake -E cmake_progress_report /home/daniel/projects/opencv/build/CMakeFiles/CMakeTmp/CMakeFiles 1
Building C object CMakeFiles/cmTryCompileExec950232727.dir/CheckIncludeFile.c.o
/usr/bin/cc   -I/usr/lib/x86_64-linux-gnu/    -fsigned-char -W -Wall -Werror=return-type -Werror=address -Werror=sequence-point -Wformat -Werror=format-security -Wmissing-declarations -Wmissing-prototypes -Wstrict-prototypes -Wundef -Winit-self -Wpointer-arith -Wshadow -Wno-narrowing -fdiagnostics-show-option -Wno-long-long -pthread -fomit-frame-pointer -msse -msse2 -mavx -mavx2 -ffunction-sections  -O3 -DNDEBUG   -o CMakeFiles/cmTryCompileExec950232727.dir/CheckIncludeFile.c.o   -c /home/daniel/projects/opencv/build/CMakeFiles/CMakeTmp/CheckIncludeFile.c
Linking C executable cmTryCompileExec950232727
/usr/bin/cmake -E cmake_link_script CMakeFiles/cmTryCompileExec950232727.dir/link.txt --verbose=1
/usr/bin/cc   -I/usr/lib/x86_64-linux-gnu/    -fsigned-char -W -Wall -Werror=return-type -Werror=address -Werror=sequence-point -Wformat -Werror=format-security -Wmissing-declarations -Wmissing-prototypes -Wstrict-prototypes -Wundef -Winit-self -Wpointer-arith -Wshadow -Wno-narrowing -fdiagnostics-show-option -Wno-long-long -pthread -fomit-frame-pointer -msse -msse2 -mavx -mavx2 -ffunction-sections  -O3 -DNDEBUG    -L/usr/lib/x86_64-linux-gnu/ CMakeFiles/cmTryCompileExec950232727.dir/CheckIncludeFile.c.o  -o cmTryCompileExec950232727 -rdynamic 
make[1]: Leaving directory '/home/daniel/projects/opencv/build/CMakeFiles/CMakeTmp'


Determining if the include file libavformat/avformat.h exists passed with the following output:
Change Dir: /home/daniel/projects/opencv/build/CMakeFiles/CMakeTmp

Run Build Command:"/usr/bin/make" "cmTryCompileExec3004017764/fast"
/usr/bin/make -f CMakeFiles/cmTryCompileExec3004017764.dir/build.make CMakeFiles/cmTryCompileExec3004017764.dir/build
make[1]: Entering directory '/home/daniel/projects/opencv/build/CMakeFiles/CMakeTmp'
/usr/bin/cmake -E cmake_progress_report /home/daniel/projects/opencv/build/CMakeFiles/CMakeTmp/CMakeFiles 1
Building C object CMakeFiles/cmTryCompileExec3004017764.dir/CheckIncludeFile.c.o
/usr/bin/cc   -I/usr/lib/x86_64-linux-gnu/    -fsigned-char -W -Wall -Werror=return-type -Werror=address -Werror=sequence-point -Wformat -Werror=format-security -Wmissing-declarations -Wmissing-prototypes -Wstrict-prototypes -Wundef -Winit-self -Wpointer-arith -Wshadow -Wno-narrowing -fdiagnostics-show-option -Wno-long-long -pthread -fomit-frame-pointer -msse -msse2 -mavx -mavx2 -ffunction-sections  -O3 -DNDEBUG   -o CMakeFiles/cmTryCompileExec3004017764.dir/CheckIncludeFile.c.o   -c /home/daniel/projects/opencv/build/CMakeFiles/CMakeTmp/CheckIncludeFile.c
Linking C executable cmTryCompileExec3004017764
/usr/bin/cmake -E cmake_link_script CMakeFiles/cmTryCompileExec3004017764.dir/link.txt --verbose=1
/usr/bin/cc   -I/usr/lib/x86_64-linux-gnu/    -fsigned-char -W -Wall -Werror=return-type -Werror=address -Werror=sequence-point -Wformat -Werror=format-security -Wmissing-declarations -Wmissing-prototypes -Wstrict-prototypes -Wundef -Winit-self -Wpointer-arith -Wshadow -Wno-narrowing -fdiagnostics-show-option -Wno-long-long -pthread -fomit-frame-pointer -msse -msse2 -mavx -mavx2 -ffunction-sections  -O3 -DNDEBUG    -L/usr/lib/x86_64-linux-gnu/ CMakeFiles/cmTryCompileExec3004017764.dir/CheckIncludeFile.c.o  -o cmTryCompileExec3004017764 -rdynamic 
make[1]: Leaving directory '/home/daniel/projects/opencv/build/CMakeFiles/CMakeTmp'


Determining if the include file linux/videodev2.h exists passed with the following output:
Change Dir: /home/daniel/projects/opencv/build/CMakeFiles/CMakeTmp

Run Build Command:"/usr/bin/make" "cmTryCompileExec2641384524/fast"
/usr/bin/make -f CMakeFiles/cmTryCompileExec2641384524.dir/build.make CMakeFiles/cmTryCompileExec2641384524.dir/build
make[1]: Entering directory '/home/daniel/projects/opencv/build/CMakeFiles/CMakeTmp'
/usr/bin/cmake -E cmake_progress_report /home/daniel/projects/opencv/build/CMakeFiles/CMakeTmp/CMakeFiles 1
Building C object CMakeFiles/cmTryCompileExec2641384524.dir/CheckIncludeFile.c.o
/usr/bin/cc   -I/usr/lib/x86_64-linux-gnu/    -fsigned-char -W -Wall -Werror=return-type -Werror=address -Werror=sequence-point -Wformat -Werror=format-security -Wmissing-declarations -Wmissing-prototypes -Wstrict-prototypes -Wundef -Winit-self -Wpointer-arith -Wshadow -Wno-narrowing -fdiagnostics-show-option -Wno-long-long -pthread -fomit-frame-pointer -msse -msse2 -mavx -mavx2 -ffunction-sections  -O3 -DNDEBUG   -o CMakeFiles/cmTryCompileExec2641384524.dir/CheckIncludeFile.c.o   -c /home/daniel/projects/opencv/build/CMakeFiles/CMakeTmp/CheckIncludeFile.c
Linking C executable cmTryCompileExec2641384524
/usr/bin/cmake -E cmake_link_script CMakeFiles/cmTryCompileExec2641384524.dir/link.txt --verbose=1
/usr/bin/cc   -I/usr/lib/x86_64-linux-gnu/    -fsigned-char -W -Wall -Werror=return-type -Werror=address -Werror=sequence-point -Wformat -Werror=format-security -Wmissing-declarations -Wmissing-prototypes -Wstrict-prototypes -Wundef -Winit-self -Wpointer-arith -Wshadow -Wno-narrowing -fdiagnostics-show-option -Wno-long-long -pthread -fomit-frame-pointer -msse -msse2 -mavx -mavx2 -ffunction-sections  -O3 -DNDEBUG    -L/usr/lib/x86_64-linux-gnu/ CMakeFiles/cmTryCompileExec2641384524.dir/CheckIncludeFile.c.o  -o cmTryCompileExec2641384524 -rdynamic 
make[1]: Leaving directory '/home/daniel/projects/opencv/build/CMakeFiles/CMakeTmp'


Determining if the include file libavformat/avformat.h exists passed with the following output:
Change Dir: /home/daniel/projects/opencv/build/CMakeFiles/CMakeTmp

Run Build Command:"/usr/bin/make" "cmTryCompileExec3863740161/fast"
/usr/bin/make -f CMakeFiles/cmTryCompileExec3863740161.dir/build.make CMakeFiles/cmTryCompileExec3863740161.dir/build
make[1]: Entering directory '/home/daniel/projects/opencv/build/CMakeFiles/CMakeTmp'
/usr/bin/cmake -E cmake_progress_report /home/daniel/projects/opencv/build/CMakeFiles/CMakeTmp/CMakeFiles 1
Building C object CMakeFiles/cmTryCompileExec3863740161.dir/CheckIncludeFile.c.o
/usr/bin/cc   -I/usr/lib/x86_64-linux-gnu/    -fsigned-char -W -Wall -Werror=return-type -Werror=address -Werror=sequence-point -Wformat -Werror=format-security -Wmissing-declarations -Wmissing-prototypes -Wstrict-prototypes -Wundef -Winit-self -Wpointer-arith -Wshadow -Wno-narrowing -fdiagnostics-show-option -Wno-long-long -pthread -fomit-frame-pointer -msse -msse2 -mavx -mavx2 -ffunction-sections  -O3 -DNDEBUG   -o CMakeFiles/cmTryCompileExec3863740161.dir/CheckIncludeFile.c.o   -c /home/daniel/projects/opencv/build/CMakeFiles/CMakeTmp/CheckIncludeFile.c
Linking C executable cmTryCompileExec3863740161
/usr/bin/cmake -E cmake_link_script CMakeFiles/cmTryCompileExec3863740161.dir/link.txt --verbose=1
/usr/bin/cc   -I/usr/lib/x86_64-linux-gnu/    -fsigned-char -W -Wall -Werror=return-type -Werror=address -Werror=sequence-point -Wformat -Werror=format-security -Wmissing-declarations -Wmissing-prototypes -Wstrict-prototypes -Wundef -Winit-self -Wpointer-arith -Wshadow -Wno-narrowing -fdiagnostics-show-option -Wno-long-long -pthread -fomit-frame-pointer -msse -msse2 -mavx -mavx2 -ffunction-sections  -O3 -DNDEBUG    -L/usr/lib/x86_64-linux-gnu/ CMakeFiles/cmTryCompileExec3863740161.dir/CheckIncludeFile.c.o  -o cmTryCompileExec3863740161 -rdynamic 
make[1]: Leaving directory '/home/daniel/projects/opencv/build/CMakeFiles/CMakeTmp'


Determining if the include file linux/videodev2.h exists passed with the following output:
Change Dir: /home/daniel/projects/opencv/build/CMakeFiles/CMakeTmp

Run Build Command:"/usr/bin/make" "cmTryCompileExec790658317/fast"
/usr/bin/make -f CMakeFiles/cmTryCompileExec790658317.dir/build.make CMakeFiles/cmTryCompileExec790658317.dir/build
make[1]: Entering directory '/home/daniel/projects/opencv/build/CMakeFiles/CMakeTmp'
/usr/bin/cmake -E cmake_progress_report /home/daniel/projects/opencv/build/CMakeFiles/CMakeTmp/CMakeFiles 1
Building C object CMakeFiles/cmTryCompileExec790658317.dir/CheckIncludeFile.c.o
/usr/bin/cc   -I/usr/lib/x86_64-linux-gnu/    -fsigned-char -W -Wall -Werror=return-type -Werror=address -Werror=sequence-point -Wformat -Werror=format-security -Wmissing-declarations -Wmissing-prototypes -Wstrict-prototypes -Wundef -Winit-self -Wpointer-arith -Wshadow -Wno-narrowing -fdiagnostics-show-option -Wno-long-long -pthread -fomit-frame-pointer -msse -msse2 -mavx -mavx2 -ffunction-sections  -O3 -DNDEBUG   -o CMakeFiles/cmTryCompileExec790658317.dir/CheckIncludeFile.c.o   -c /home/daniel/projects/opencv/build/CMakeFiles/CMakeTmp/CheckIncludeFile.c
Linking C executable cmTryCompileExec790658317
/usr/bin/cmake -E cmake_link_script CMakeFiles/cmTryCompileExec790658317.dir/link.txt --verbose=1
/usr/bin/cc   -I/usr/lib/x86_64-linux-gnu/    -fsigned-char -W -Wall -Werror=return-type -Werror=address -Werror=sequence-point -Wformat -Werror=format-security -Wmissing-declarations -Wmissing-prototypes -Wstrict-prototypes -Wundef -Winit-self -Wpointer-arith -Wshadow -Wno-narrowing -fdiagnostics-show-option -Wno-long-long -pthread -fomit-frame-pointer -msse -msse2 -mavx -mavx2 -ffunction-sections  -O3 -DNDEBUG    -L/usr/lib/x86_64-linux-gnu/ CMakeFiles/cmTryCompileExec790658317.dir/CheckIncludeFile.c.o  -o cmTryCompileExec790658317 -rdynamic 
make[1]: Leaving directory '/home/daniel/projects/opencv/build/CMakeFiles/CMakeTmp'


Determining if the include file libavformat/avformat.h exists passed with the following output:
Change Dir: /home/daniel/projects/opencv/build/CMakeFiles/CMakeTmp

Run Build Command:"/usr/bin/make" "cmTryCompileExec3537381494/fast"
/usr/bin/make -f CMakeFiles/cmTryCompileExec3537381494.dir/build.make CMakeFiles/cmTryCompileExec3537381494.dir/build
make[1]: Entering directory '/home/daniel/projects/opencv/build/CMakeFiles/CMakeTmp'
/usr/bin/cmake -E cmake_progress_report /home/daniel/projects/opencv/build/CMakeFiles/CMakeTmp/CMakeFiles 1
Building C object CMakeFiles/cmTryCompileExec3537381494.dir/CheckIncludeFile.c.o
/usr/bin/cc   -I/usr/lib/x86_64-linux-gnu/    -fsigned-char -W -Wall -Werror=return-type -Werror=address -Werror=sequence-point -Wformat -Werror=format-security -Wmissing-declarations -Wmissing-prototypes -Wstrict-prototypes -Wundef -Winit-self -Wpointer-arith -Wshadow -Wno-narrowing -fdiagnostics-show-option -Wno-long-long -pthread -fomit-frame-pointer -msse -msse2 -mavx -mavx2 -ffunction-sections  -O3 -DNDEBUG   -o CMakeFiles/cmTryCompileExec3537381494.dir/CheckIncludeFile.c.o   -c /home/daniel/projects/opencv/build/CMakeFiles/CMakeTmp/CheckIncludeFile.c
Linking C executable cmTryCompileExec3537381494
/usr/bin/cmake -E cmake_link_script CMakeFiles/cmTryCompileExec3537381494.dir/link.txt --verbose=1
/usr/bin/cc   -I/usr/lib/x86_64-linux-gnu/    -fsigned-char -W -Wall -Werror=return-type -Werror=address -Werror=sequence-point -Wformat -Werror=format-security -Wmissing-declarations -Wmissing-prototypes -Wstrict-prototypes -Wundef -Winit-self -Wpointer-arith -Wshadow -Wno-narrowing -fdiagnostics-show-option -Wno-long-long -pthread -fomit-frame-pointer -msse -msse2 -mavx -mavx2 -ffunction-sections  -O3 -DNDEBUG    -L/usr/lib/x86_64-linux-gnu/ CMakeFiles/cmTryCompileExec3537381494.dir/CheckIncludeFile.c.o  -o cmTryCompileExec3537381494 -rdynamic 
make[1]: Leaving directory '/home/daniel/projects/opencv/build/CMakeFiles/CMakeTmp'


Determining if the include file linux/videodev2.h exists passed with the following output:
Change Dir: /home/daniel/projects/opencv/build/CMakeFiles/CMakeTmp

Run Build Command:"/usr/bin/make" "cmTryCompileExec1393356975/fast"
make[1]: Entering directory '/home/daniel/projects/opencv/build/CMakeFiles/CMakeTmp'
/usr/bin/make -f CMakeFiles/cmTryCompileExec1393356975.dir/build.make CMakeFiles/cmTryCompileExec1393356975.dir/build
make[2]: Entering directory '/home/daniel/projects/opencv/build/CMakeFiles/CMakeTmp'
/usr/bin/cmake -E cmake_progress_report /home/daniel/projects/opencv/build/CMakeFiles/CMakeTmp/CMakeFiles 1
Building C object CMakeFiles/cmTryCompileExec1393356975.dir/CheckIncludeFile.c.o
/usr/bin/cc   -I/usr/lib/x86_64-linux-gnu/    -fsigned-char -W -Wall -Werror=return-type -Werror=address -Werror=sequence-point -Wformat -Werror=format-security -Wmissing-declarations -Wmissing-prototypes -Wstrict-prototypes -Wundef -Winit-self -Wpointer-arith -Wshadow -Wno-narrowing -fdiagnostics-show-option -Wno-long-long -pthread -fomit-frame-pointer -msse -msse2 -mavx -mavx2 -ffunction-sections  -O3 -DNDEBUG   -o CMakeFiles/cmTryCompileExec1393356975.dir/CheckIncludeFile.c.o   -c /home/daniel/projects/opencv/build/CMakeFiles/CMakeTmp/CheckIncludeFile.c
Linking C executable cmTryCompileExec1393356975
/usr/bin/cmake -E cmake_link_script CMakeFiles/cmTryCompileExec1393356975.dir/link.txt --verbose=1
/usr/bin/cc   -I/usr/lib/x86_64-linux-gnu/    -fsigned-char -W -Wall -Werror=return-type -Werror=address -Werror=sequence-point -Wformat -Werror=format-security -Wmissing-declarations -Wmissing-prototypes -Wstrict-prototypes -Wundef -Winit-self -Wpointer-arith -Wshadow -Wno-narrowing -fdiagnostics-show-option -Wno-long-long -pthread -fomit-frame-pointer -msse -msse2 -mavx -mavx2 -ffunction-sections  -O3 -DNDEBUG    CMakeFiles/cmTryCompileExec1393356975.dir/CheckIncludeFile.c.o  -o cmTryCompileExec1393356975 -rdynamic 
make[2]: Leaving directory '/home/daniel/projects/opencv/build/CMakeFiles/CMakeTmp'
make[1]: Leaving directory '/home/daniel/projects/opencv/build/CMakeFiles/CMakeTmp'


Determining if the include file libavformat/avformat.h exists passed with the following output:
Change Dir: /home/daniel/projects/opencv/build/CMakeFiles/CMakeTmp

Run Build Command:"/usr/bin/make" "cmTryCompileExec3119682214/fast"
make[1]: Entering directory '/home/daniel/projects/opencv/build/CMakeFiles/CMakeTmp'
/usr/bin/make -f CMakeFiles/cmTryCompileExec3119682214.dir/build.make CMakeFiles/cmTryCompileExec3119682214.dir/build
make[2]: Entering directory '/home/daniel/projects/opencv/build/CMakeFiles/CMakeTmp'
/usr/bin/cmake -E cmake_progress_report /home/daniel/projects/opencv/build/CMakeFiles/CMakeTmp/CMakeFiles 1
Building C object CMakeFiles/cmTryCompileExec3119682214.dir/CheckIncludeFile.c.o
/usr/bin/cc   -I/usr/lib/x86_64-linux-gnu/    -fsigned-char -W -Wall -Werror=return-type -Werror=address -Werror=sequence-point -Wformat -Werror=format-security -Wmissing-declarations -Wmissing-prototypes -Wstrict-prototypes -Wundef -Winit-self -Wpointer-arith -Wshadow -Wno-narrowing -fdiagnostics-show-option -Wno-long-long -pthread -fomit-frame-pointer -msse -msse2 -mavx -mavx2 -ffunction-sections  -O3 -DNDEBUG   -o CMakeFiles/cmTryCompileExec3119682214.dir/CheckIncludeFile.c.o   -c /home/daniel/projects/opencv/build/CMakeFiles/CMakeTmp/CheckIncludeFile.c
Linking C executable cmTryCompileExec3119682214
/usr/bin/cmake -E cmake_link_script CMakeFiles/cmTryCompileExec3119682214.dir/link.txt --verbose=1
/usr/bin/cc   -I/usr/lib/x86_64-linux-gnu/    -fsigned-char -W -Wall -Werror=return-type -Werror=address -Werror=sequence-point -Wformat -Werror=format-security -Wmissing-declarations -Wmissing-prototypes -Wstrict-prototypes -Wundef -Winit-self -Wpointer-arith -Wshadow -Wno-narrowing -fdiagnostics-show-option -Wno-long-long -pthread -fomit-frame-pointer -msse -msse2 -mavx -mavx2 -ffunction-sections  -O3 -DNDEBUG    CMakeFiles/cmTryCompileExec3119682214.dir/CheckIncludeFile.c.o  -o cmTryCompileExec3119682214 -rdynamic 
make[2]: Leaving directory '/home/daniel/projects/opencv/build/CMakeFiles/CMakeTmp'
make[1]: Leaving directory '/home/daniel/projects/opencv/build/CMakeFiles/CMakeTmp'


